# callgrind format
version: 1
creator: callgrind-3.15.0
pid: 53583
cmd:  ./freq_count small.txt
part: 1


desc: I1 cache: 
desc: D1 cache: 
desc: LL cache: 

desc: Timerange: Basic block 0 - 83264
desc: Trigger: Program termination

positions: line
events: Ir
summary: 371955


ob=(4) /usr/lib/aarch64-linux-gnu/valgrind/vgpreload_core-arm64-linux.so
fl=(61) ???
fn=(662) 0x00000000000005e8
0 12
cfn=(674) 0x0000000000000578
calls=1 0 
0 12
cob=(1) /usr/lib/aarch64-linux-gnu/ld-2.31.so
cfi=(69) /build/glibc-RIFKjK/glibc-2.31/elf/../sysdeps/aarch64/dl-trampoline.S
cfn=(270) _dl_runtime_resolve
calls=1 48 
0 698
0 10
fi=(142) /build/glibc-RIFKjK/glibc-2.31/elf/dl-fini.c
111 2
+2 4
+6 2
-3 4
+3 2
+18 3
+5 2
+1 4
cob=(2) ???
cfi=(19) ???
cfn=(680) 0x00000000048347b4
calls=1 0 
* 4
+6 18
+19 6
-59 3
+59 6
-59 4
-59 5
+70 4
fe=(61)

fn=(678) 0x000000000000061c
0 5

fn=(246) 0x00000000000005a8
0 11

fn=(244) 0x0000000000000630
0 1
cfn=(246)
calls=1 0 
0 11

fn=(238) 0x0000000000000560
0 4

fn=(674)
0 7
cfn=(678)
calls=1 0 
0 5

ob=(1)
fl=(70) /build/glibc-RIFKjK/glibc-2.31/elf/dl-runtime.c
fn=(272) _dl_fixup
66 16
+6 8
-6 8
+2 8
+4 16
+3 8
-2 16
+7 8
-7 8
+2 8
-2 8
-4 8
+4 16
+2 8
+5 8
+4 24
+4 24
+4 7
+1 14
-1 7
+1 14
+1 7
-8 14
+16 7
-1 7
+1 22
-1 1
+1 3
+10 64
cfi=(8) /build/glibc-RIFKjK/glibc-2.31/elf/dl-lookup.c
cfn=(202) _dl_lookup_symbol_x
calls=8 841 
* 4060
fi=(69)
-11 8
+3 8
+1 8
+1 8
+1 8
+1 8
+1 8
+1 8
+1 8
+1 8
+3 8
+4 8
fe=(70)

fl=(12) /build/glibc-RIFKjK/glibc-2.31/elf/../sysdeps/unix/sysv/linux/dl-sysdep.c
fn=(70) _dl_discover_osversion
48 3
-2 4
+42 3
cfi=(26) /build/glibc-RIFKjK/glibc-2.31/posix/../sysdeps/unix/syscall-template.S
cfn=(72) uname
calls=1 -10 
* 5
+15 1
-15 1
+20 1
-1 1
+3 15
+4 3
-2 3
+2 12
+6 3
+2 3
+2 13
+5 2
+4 4

fl=(5) /build/glibc-RIFKjK/glibc-2.31/elf/do-rel.h
fn=(198) _dl_relocate_object
136 3
+2 3
-2 3
fi=(3) /build/glibc-RIFKjK/glibc-2.31/elf/../sysdeps/aarch64/dl-machine.h
252 3
-2 3
fe=(5)
139 3
-2 3
-1 3
+1 9
fi=(3)
252 3
+2 3
+5 9
fi=(21) /build/glibc-RIFKjK/glibc-2.31/elf/../sysdeps/generic/ldsodefs.h
126 6
fi=(3)
259 34
fe=(5)
138 4
fi=(3)
259 4
fe=(5)
138 2
fi=(3)
259 26
cfi=(8)
cfn=(203) _dl_lookup_symbol_x'2
calls=2 841 
* 20335
fe=(5)
124 9
fi=(3)
367 1
260 6
+3 1
-3 1
+3 1
-3 1
+3 1
+5 9
+83 2
+2 4
+2 4
-1 2
cfi=(5)
cfn=(199) _dl_relocate_object'2
calls=1 124 
* 36965
fe=(5)
170 2
fi=(3)
+82 1
-2 1
fe=(5)
-79 1
-1 4
fi=(3)
+82 1
+2 1
+5 3
fi=(21)
126 3
fi=(3)
259 29
cfi=(8)
cfn=(203)
calls=1 841 
* 1717
fe=(5)
-99 3

fn=(199)
46 4
+1 4
+1 4
+10 4
+3 4
fi=(3)
320 2
+8 2
-8 2
+8 4
+63 2
-1 2
+3 4
-2 16
-1 16
+3 32
+2 32
fe=(5)
61 54
fi=(57) /build/glibc-RIFKjK/glibc-2.31/elf/dl-reloc.c
255 24
+3 8
+24 12
+3 8
+17 8
fi=(3)
+96 48
+1 16
cfi=(5)
cfn=(199)
calls=16 61 
* 2784
+28 4
fe=(5)
84 2
+2 2
+12 4
-12 2
+12 2
-15 2
+15 2
+10 1
+3 2
+7 4
+6 2
-3 2
+3 2
+12 114
+2 114
-2 114
fi=(3)
252 114
-2 114
fe=(5)
139 114
-2 114
-1 114
+1 342
fi=(3)
252 114
+2 114
+5 342
fi=(21)
126 303
fi=(3)
259 1594
fe=(5)
138 196
fi=(3)
259 196
fe=(5)
138 98
fi=(3)
259 1274
cfi=(8)
cfn=(203)
calls=98 841 
* 1389412
fe=(5)
124 354
fi=(57)
255 33
cfi=(5)
cfn=(199)
calls=3 46 
* 444
fi=(3)
367 13
260 78
+3 13
-3 13
+3 13
-3 13
+3 13
+5 117
+83 26
+2 52
+2 52
-1 26
cfi=(5)
cfn=(199)
calls=13 124 
* 475813
-95 93
cfn=(197) _dl_relocate_object'2
calls=3 +1 
* 50868
fe=(5)
-89 6
fi=(3)
+82 3
-2 3
fe=(5)
-79 3
-1 12
fi=(3)
+82 3
+2 3
+5 9
fi=(21)
126 9
fi=(3)
259 87
cfi=(8)
cfn=(203)
calls=3 841 
* 2641
fe=(5)
-99 15
cfi=(57)
cfn=(195) _dl_relocate_object'2
calls=1 +95 
* 128
fi=(57)
303 8
cfn=(216) _dl_protect_relro
calls=4 +6 
* 116
+1 32
fi=(3)
445 4
+2 6
+1 4
fi=(6) /build/glibc-RIFKjK/glibc-2.31/elf/../sysdeps/aarch64/dl-irel.h
38 4
-1 4
+3 2
-2 2
+1 4
+1 4
cob=(3) /usr/lib/aarch64-linux-gnu/libc-2.31.so
cfi=(59) /build/glibc-RIFKjK/glibc-2.31/string/../sysdeps/aarch64/multiarch/strlen.c
cfn=(214) strlen
calls=1 -4 
* 11
cob=(3)
cfi=(58) /build/glibc-RIFKjK/glibc-2.31/string/../sysdeps/aarch64/multiarch/memchr.c
cfn=(212) memchr
calls=1 -6 
* 9
* 2
fi=(3)
450 4
cfi=(5)
cfn=(199)
calls=2 61 
* 154
fe=(5)

fn=(8) _dl_start
fi=(3)
268 4
fe=(5)
136 2
fi=(3)
252 1
-2 1
fe=(5)
139 1
-2 2
fi=(3)
252 1
+2 1
+6 9
+3 1
-3 1
+3 1
+5 3
+28 3
+1 1
cfi=(5)
cfn=(9) _dl_start'2
calls=1 124 
* 96446
fe=(5)

fn=(9)
fi=(3)
268 44
fe=(5)
124 36
+12 22
fi=(3)
252 11
-2 11
fe=(5)
139 11
-2 22
fi=(3)
252 11
+2 11
+6 99
+3 11
-3 11
+3 11
+5 33
fe=(5)
124 4
cfi=(2) /build/glibc-RIFKjK/glibc-2.31/elf/rtld.c
cfn=(3) _dl_start'2
calls=1 525 
* 96054
fi=(3)
296 33
+1 11
cfi=(5)
cfn=(9)
calls=11 124 
* 1058596
fe=(5)

fl=(4) /build/glibc-RIFKjK/glibc-2.31/elf/get-dynamic-info.h
fn=(6) _dl_start
53 1
-1 2
-2 10
+23 4
-25 8
+15 3
+2 4
+3 3
+3 3
+1 1
+1 2
cfn=(7) _dl_start'2
calls=1 -25 
* 97053

fn=(7)
53 4
-1 8
-4 8
+2 30
+23 11
-25 24
+33 1
+20 5
+1 5
+1 5
+1 5
+2 5
+5 5
+1 5
+1 5
+5 2
+5 3
+7 2
+1 4
+8 2
+3 2
+4 2
+1 2
fi=(2)
518 1
fe=(4)
63 12
+1 12
cfn=(7)
calls=4 -16 
* 387862
fi=(2)
523 23
fi=(5)
84 1
+27 1
-28 1
+28 2
fi=(3)
380 1
fi=(5)
111 1
fi=(3)
380 1
fi=(5)
111 1
fi=(3)
380 2
fi=(5)
111 1
fi=(3)
380 51
fi=(5)
111 51
fi=(3)
380 51
fi=(5)
111 51
fi=(3)
380 102
fi=(5)
111 51
+5 2
+8 2
fi=(6)
-86 1
fi=(3)
328 3
fi=(6)
38 2
fi=(3)
328 3
cfi=(5)
cfn=(8)
calls=1 136 
* 96478
fe=(4)

fn=(148) _dl_map_object_from_fd
50 4
+23 4
cfn=(149) _dl_map_object_from_fd'2
calls=2 -25 
* 790

fn=(149)
fi=(27) /build/glibc-RIFKjK/glibc-2.31/elf/dl-load.c
1417 18
fe=(4)
53 10
-1 20
-4 88
+2 84
+23 64
cfn=(149)
calls=32 -25 
* 10502
-10 30
+1 24
cfn=(149)
calls=8 -16 
* 2036
+1 8
+3 6
+13 2
+20 7
+1 10
+1 10
+1 10
+2 10
+5 10
+1 7
+1 10
+5 4
+5 6
+7 4
+1 8
+18 4
+14 4
+2 3
+1 1
+9 3
+5 1
+3 4
fi=(27)
1208 6
+2 8
+19 4
+19 6
+2 10
+48 4
+1 3
+3 2
cfi=(47) /build/glibc-RIFKjK/glibc-2.31/io/../sysdeps/unix/sysv/linux/close_nocancel.c
cfn=(150) __GI___close_nocancel
calls=1 26 
* 6
* 2
cfi=(47)
cfn=(150)
calls=1 26 
* 6
* 2
+9 6
+4 2
-2 4
+2 2
-2 4
+2 2
+16 4
cfi=(8)
cfn=(16) _dl_setup_hash
calls=2 964 
* 44
+4 2
+1 4
+17 4
+1 3
+3 3
+5 2
-5 3
+5 2
+10 8
+9 4
+1 4
+5 1
cfi=(33) /build/glibc-RIFKjK/glibc-2.31/elf/dl-tls.c
cfn=(170) _dl_next_tls_modid
calls=1 51 
* 9
* 1
+7 3
cfi=(18) /build/glibc-RIFKjK/glibc-2.31/elf/dl-object.c
cfn=(54) _dl_add_to_namespace_list
calls=1 31 
* 59
* 3
cfi=(18)
cfn=(54)
calls=1 31 
* 56
+4 8
fi=(40) /build/glibc-RIFKjK/glibc-2.31/elf/../sysdeps/posix/dl-fileid.h
49 2
cfi=(4)
cfn=(149)
calls=1 183 
* 173
fe=(4)
+22 6
+1 2
+1 4
cfn=(149)
calls=2 -25 
* 684

fn=(62) dl_main
53 1
-1 2
-2 18
+23 8
-25 16
+15 3
+2 4
+3 3
+3 3
+1 1
+1 2
cfn=(63) dl_main'2
calls=1 -25 
* 84963

fn=(63)
53 5
-1 10
-4 10
+2 36
+23 13
-25 28
+33 2
+20 2
+1 5
+1 5
+1 5
+2 5
+5 5
+1 5
+1 5
+5 2
+5 3
+7 2
+1 4
+18 2
+5 2
+2 1
+2 1
+2 1
+3 2
+2 3
+1 1
+9 2
+5 1
+3 2
fi=(2)
1521 2
cfi=(8)
cfn=(16)
calls=1 964 
* 22
+3 3
fi=(23) /build/glibc-RIFKjK/glibc-2.31/elf/./setup-vdso.h
24 3
fi=(24) /build/glibc-RIFKjK/glibc-2.31/elf/../sysdeps/unix/sysv/linux/dl-vdso.h
+16 2
+1 1
fe=(4)
+22 15
+1 15
cfn=(63)
calls=5 -16 
* 424295
181 3
cfn=(63)
calls=1 +2 
* 84760
-20 2
cfn=(63)
calls=1 +2 
* 84772
fi=(25) /build/glibc-RIFKjK/glibc-2.31/elf/../sysdeps/unix/sysv/linux/dl-vdso-setup.h
30 5
+3 2
fi=(24)
+22 2
cfi=(25)
cfn=(68) dl_main
calls=1 -10 
* 84716
fe=(4)

fl=(44) /build/glibc-RIFKjK/glibc-2.31/misc/../sysdeps/unix/syscall-template.S
fn=(142) mprotect
78 24
+1 6

fn=(226) munmap
78 4
+1 1

fl=(54) /build/glibc-RIFKjK/glibc-2.31/malloc/scratch_buffer_set_array_size.c
fn=(174) __libc_scratch_buffer_set_array_size
30 1
+4 1
-4 2
+5 1
-4 1
-1 1
+5 2
+10 1
+1 1
-1 2
+18 3
cfi=(49) /build/glibc-RIFKjK/glibc-2.31/elf/dl-deps.c
cfn=(155) _dl_map_object_deps'2
calls=1 217 
* 1232

fn=(175) __libc_scratch_buffer_set_array_size'2
30 1
+4 1
-4 2
+5 1
-4 1
-1 1
+5 2
+10 1
+1 1
-1 2
+18 3

fl=(27)
fn=(122) _dl_map_object
fi=(2)
609 1
+2 3
fe=(27)
1927 32
+8 8
+1 28
+3 50
+5 45
+2 27
cfi=(37) /build/glibc-RIFKjK/glibc-2.31/elf/dl-misc.c
cfn=(124) _dl_name_match_p
calls=9 282 
* 644
* 9
+4 14
+1 14
+3 2
+2 2
-1 4
+1 4
cfi=(22) /build/glibc-RIFKjK/glibc-2.31/string/../sysdeps/aarch64/strcmp.S
cfn=(60) strcmp
calls=2 54 
* 59
* 2
2238 18
1972 12
+10 2
-53 2
+53 2
+36 4
-2 2
+2 2
cfi=(30) /build/glibc-RIFKjK/glibc-2.31/string/../sysdeps/aarch64/strchr.S
cfn=(88) index
calls=2 66 
* 70
* 2
2169 1
-1 3
cfn=(84) expand_dynamic_string_token
calls=1 378 
* 204
-1 1
+3 2
+4 6
cfn=(126) open_verify.isra.0.constprop.0
calls=1 1466 
* 1643
2022 2
cfi=(15) /build/glibc-RIFKjK/glibc-2.31/string/../sysdeps/aarch64/multiarch/../strlen.S
cfn=(34) strlen
calls=1 94 
* 20
+2 1
-2 2
+2 1
+7 3
+4 6
+8 3
-8 1
+8 4
cfn=(123) _dl_map_object'2
calls=1 659 
* 4079
fi=(49)
64 1
+5 3
fe=(27)

fn=(123)
2238 18
-3 1
+1 4
-1 1
+1 5
-1 1
+1 1
cfn=(132) _dl_map_object_from_fd
calls=1 866 
* 1569
2067 13
cfn=(158) open_path
calls=1 1779 
* 4040
-27 2
659 1
2041 1
659 2
2055 2
+1 7
659 1
2057 1
659 2
2066 6
+1 1

fn=(80) fillin_rpath
447 9
+2 1
+60 2
-62 2
+39 2
-39 1
+62 1
-62 2
+4 3
cfi=(20) /build/glibc-RIFKjK/glibc-2.31/elf/dl-minimal.c
cfn=(82) strsep
calls=1 265 
* 194
* 2
+7 2
+2 3
cfn=(84)
calls=1 -82 
* 135
* 1
+4 1
+5 1
cfi=(15)
cfn=(34)
calls=1 94 
* 20
* 1
+1 1
+7 6
+5 5
cfn=(81) fillin_rpath'2
calls=1 +4 
* 179
818 3
+6 2
+4 6

fn=(81)
486 5
cfn=(81)
calls=1 +1 
* 174
* 8
+1 12
+57 2
cfi=(20)
cfn=(82)
calls=1 265 
* 17
cfi=(20)
cfn=(94) free
calls=1 109 
* 11
* 7
-93 2
+97 1
+3 8
-46 2
+4 11
cfi=(29) /build/glibc-RIFKjK/glibc-2.31/string/mempcpy.c
cfn=(78) mempcpy
calls=1 34 
* 102
cfi=(20)
cfn=(50) malloc
calls=1 49 
* 24
* 13
+11 1
-3 1
+1 1
+2 4
+6 2
+1 1
-1 3
+1 2
+1 1
-1 3
+1 3
-1 9
+3 2
+1 2
+8 1
-1 1
+1 1
+3 3
cfn=(81)
calls=1 +2 
* 37
-37 2
cfn=(81)
calls=1 +4 
* 150
+31 2
cfn=(81)
calls=1 +3 
* 43

fn=(86) _dl_dst_count
231 5
+3 5
-3 10
+7 5
-4 5
cfi=(30)
cfn=(88)
calls=5 66 
* 217
+3 5
+20 20

fn=(158)
1779 9
+1 1
-1 1
+1 1
-1 3
+7 1
+5 22
-8 1
+1 2
1443 3
1865 2
-62 3
+7 2
-12 1
+13 1
-1 1
cfi=(29)
cfn=(78)
calls=1 34 
* 22
* 1
+48 3
-47 4
+64 8
-61 3
+4 8
cfi=(29)
cfn=(78)
calls=1 34 
* 22
* 3
cfi=(29)
cfn=(78)
calls=1 34 
* 22
+3 1
+3 1
-3 1
+3 2
+3 7
cfn=(126)
calls=1 1466 
* 56
* 1
+2 2
+2 2
+5 4
+1 9
+6 2
+2 1
-2 1
+2 2
-2 1
+2 1
cfi=(50) /build/glibc-RIFKjK/glibc-2.31/io/../sysdeps/unix/sysv/linux/generic/xstat.c
cfn=(160) _xstat
calls=1 35 
* 12
+3 1
-3 1
+3 1
-37 3
cfn=(159) open_path'2
calls=1 * 
* 575
2067 1
+6 3
659 1
2074 1
659 2
2082 1
+14 1
+2 3
+4 2
cfi=(51) /build/glibc-RIFKjK/glibc-2.31/elf/dl-cache.c
cfn=(162) _dl_load_cache_lookup
calls=1 187 
* 3188

fn=(159)
1811 16
+64 24
-61 9
+4 24
cfi=(29)
cfn=(78)
calls=3 34 
* 65
* 9
cfi=(29)
cfn=(78)
calls=3 34 
* 66
+3 3
+3 3
-3 3
+3 6
+3 21
cfn=(126)
calls=3 1466 
* 168
* 3
+2 6
+2 6
+65 6
+7 3
-2 3
+2 1
+3 1
1789 1
1920 9
-84 12
+1 27
+6 6
+2 3
-2 3
+2 6
-2 3
+2 3
cfi=(50)
cfn=(160)
calls=3 35 
* 32
+3 3
-3 3
+1 1
+2 1
-2 1
+2 4
-37 3
cfn=(159)
calls=1 * 
* 28
+37 2
-37 6
cfn=(159)
calls=2 * 
* 602

fn=(74) _dl_init_paths
fi=(2)
1557 3
cfi=(32) /build/glibc-RIFKjK/glibc-2.31/elf/dl-debug.c
cfn=(96) _dl_debug_initialize
calls=1 46 
* 20
* 1
+7 1
-7 1
+2 1
+5 1
+3 4
cfn=(39) dl_main'2
calls=1 +1 
* 83204
fe=(27)
681 1
+13 2
-13 3
+13 2
-13 1
+13 3
-13 2
+13 1
cfi=(28) /build/glibc-RIFKjK/glibc-2.31/elf/dl-hwcaps.c
cfn=(76) _dl_important_hwcaps
calls=1 42 
* 1370

fn=(75) _dl_init_paths'2
720 3
+19 6
+1 12
-1 36
+3 10
-8 2
-6 2
+10 4
-7 2
+4 4
-1 2
+4 6
-3 4
cfn=(75)
calls=2 -15 
* 1682
+13 2
+5 1
-5 1
-6 1
+7 1
+5 1
+2 4
+2 2
+38 3
-19 1
-2 2
+2 1
+21 2
cfi=(15)
cfn=(34)
calls=1 94 
* 20
* 7
-7 2
cfn=(75)
calls=1 +5 
* 783
+7 8
cfi=(7) /build/glibc-RIFKjK/glibc-2.31/string/../sysdeps/aarch64/multiarch/../memcpy.S
cfn=(14) memcpy
calls=1 91 
* 13
* 1
+5 3
-1 1
+2 70
-1 29
+4 1
+1 1
cfn=(80)
calls=1 447 
* 585
cfi=(20)
cfn=(50)
calls=1 49 
* 24
* 15

fn=(132)
866 10
+17 2
-17 22
+10 2
-10 2
+10 2
+7 2
-7 2
cfi=(32)
cfn=(96)
calls=2 46 
* 16
* 2
+7 2
+61 6
+10 6
+7 4
-84 2
994 4
+3 14
cfi=(18)
cfn=(43) _dl_new_object'2
calls=2 59 
* 2742
fi=(40)
37 8
cfi=(41) /build/glibc-RIFKjK/glibc-2.31/io/../sysdeps/unix/sysv/linux/wordsize-64/fxstat.c
cfn=(136) _fxstat
calls=2 -4 
* 18
* 2
fe=(27)
901 12
fi=(40)
40 4
fe=(27)
901 2
fi=(40)
41 4
fe=(27)
901 12
+1 10
fi=(40)
49 18
fe=(27)
920 2
2236 4
cfn=(123)
calls=2 +2 
* 18

fn=(133) _dl_map_object_from_fd'2
1043 36
+17 2
+1 1
-19 45
+1 87
1144 4
1042 2
1145 4
1042 4
1157 2
+13 6
+10 2
fi=(43) /build/glibc-RIFKjK/glibc-2.31/elf/./dl-map-segments.h
51 4
+5 2
fe=(27)
1180 2
fi=(43)
56 2
fe=(27)
1180 4
fi=(43)
50 2
+6 6
fe=(27)
1180 4
fi=(43)
50 2
fe=(27)
1180 2
fi=(43)
56 8
fe=(27)
1180 2
fi=(43)
56 4
cfi=(42) /build/glibc-RIFKjK/glibc-2.31/misc/../sysdeps/unix/sysv/linux/mmap64.c
cfn=(138) mmap
calls=2 -5 
* 20
* 2
+4 14
+4 2
-1 2
+1 2
-1 2
+3 2
+7 22
cfi=(44)
cfn=(142)
calls=2 +5 
* 10
* 8
+7 2
+2 2
-2 4
fi=(45) /build/glibc-RIFKjK/glibc-2.31/elf/./dl-load.h
+10 3
+1 8
+2 6
fi=(43)
+11 6
+8 2
-2 1
+2 1
-2 1
+1 1
+1 1
+1 1
-1 2
+3 2
+5 2
+3 1
+8 9
cfi=(46) /build/glibc-RIFKjK/glibc-2.31/string/../sysdeps/aarch64/memset.S
cfn=(146) memset
calls=1 -94 
* 167
+1 5
+5 2
+12 2
-59 8
+2 4
+2 11
cfi=(42)
cfn=(138)
calls=1 -43 
* 10
* 5
fe=(27)
1043 14
+23 12
+5 20
+8 4
+1 8
+4 4
-3 16
-1 4
+1 8
+1 4
+1 4
+1 4
-1 8
-4 4
+9 10
+1 4
+4 2
+1 2
-15 2
+14 2
+1 6
-1 2
+11 2
cfn=(133)
calls=2 -62 
* 709
-11 2
+1 2
-15 2
+14 2
+1 6
-1 2
+11 2
cfn=(133)
calls=2 -62 
* 813
+36 2
+1 2
cfn=(133)
calls=2 -99 
* 581
-92 4
+6 2
-1 4
+1 6
cfn=(133)
calls=2 -13 
* 675
+52 2
+4 1
+14 1
-13 2
+13 2
-9 5
+9 1
-8 1
+3 1
-3 1
+8 1
+67 3
fi=(45)
94 4
+1 1
+1 2
-1 1
+1 1
-1 3
+3 4
cfi=(43)
cfn=(140) _dl_map_object_from_fd
calls=1 +6 
* 94
fi=(43)
+43 9
cfi=(42)
cfn=(138)
calls=1 -90 
* 10
+3 4
fe=(27)

fn=(84)
378 12
+10 4
cfn=(86)
calls=2 231 
* 114
+3 2
+1 2
+11 6
-11 2
cfi=(31) /build/glibc-RIFKjK/glibc-2.31/string/strdup.c
cfn=(90) strdup
calls=2 40 
* 197

fn=(126)
1466 18
+39 12
-39 18
+39 6
-39 18
+39 6
-39 6
+39 6
-39 18
+39 6
+31 18
cfi=(38) /build/glibc-RIFKjK/glibc-2.31/io/../sysdeps/unix/sysv/linux/open64_nocancel.c
cfn=(128) __open_nocancel
calls=6 34 
* 118
* 6
+2 12
+12 2
-1 4
+6 2
-6 2
+1 2
+5 8
cfi=(39) /build/glibc-RIFKjK/glibc-2.31/io/../sysdeps/unix/sysv/linux/read_nocancel.c
cfn=(130) __read_nocancel
calls=2 26 
* 12
+2 6
+2 4
+2 4
+6 4
+16 32
-65 4
1765 36
1583 16
+74 2
-74 2
+74 4
+5 6
+2 10
+6 6
+6 2
+1 2
-1 2
+2 2
-1 6
+21 6
+31 2
1543 2
1698 6
cfn=(127) open_verify.isra.0.constprop.0'2
calls=2 +1 
* 241
1583 6
2174 1
+3 2
+12 3
+46 1
+1 4
-1 1
+1 5
-1 1
+1 1
cfn=(132)
calls=1 866 
* 1387
-97 1
+4 2
+1 1
+17 2
+28 3
+2 4
cfn=(123)
calls=1 +44 
* 1582

fn=(127)
1761 4
cfn=(127)
calls=2 +4 
* 18
cfi=(20)
cfn=(94)
calls=2 109 
* 22
* 10
+4 18
-67 60
+1 45
+1 8
+4 6
+1 2
-1 4
+25 6
cfn=(127)
calls=2 * 
* 139
+3 2
+3 2
-3 18
-1 2
+4 4
+5 1
+1 1
-12 13
+15 1
+6 2
-3 1
+4 1
-3 1
+1 1
+2 1
-3 1
+3 1
-4 1
+4 2

fl=(13) /build/glibc-RIFKjK/glibc-2.31/elf/../sysdeps/unix/sysv/linux/generic/brk.c
fn=(26) brk
33 1
+3 3
+1 1
-1 1
+1 1
+6 1
+1 1

fl=(35) /build/glibc-RIFKjK/glibc-2.31/elf/dl-error-skeleton.c
fn=(116) _dl_catch_exception
fi=(49)
244 5
cfi=(27)
cfn=(86)
calls=1 -13 
* 46
* 2
+14 1
+2 3
+5 2
+6 1
-2 1
+1 1
-5 1
+8 1
-2 1
+4 1
-2 1
+2 1
-2 1
+2 3
+4 1
-42 2
+1 2
+6 1
+4 3
-2 1
+2 1
cfi=(54)
cfn=(174)
calls=1 30 
* 1248
cfi=(35)
cfn=(117) _dl_catch_exception'2
calls=1 -73 
* 272
* 282
* 1
+1 2
fe=(35)
-74 16
+3 2
+25 2
-3 2
-1 2
+4 2
+3 4
-6 2
+6 2
cfi=(36) /build/glibc-RIFKjK/glibc-2.31/setjmp/../sysdeps/aarch64/setjmp.S
cfn=(118) __sigsetjmp
calls=2 39 
* 42
* 4
+2 4
cfi=(49)
cfn=(156) openaux
calls=1 61 
* 4484
cfi=(2)
cfn=(120) map_doit
calls=1 606 
* 2189
+21 1
-1 1
+2 1
+2 1
-3 1
+1 3
+2 3

fn=(117)
175 16
+3 2
+25 2
-3 2
-1 2
+4 2
+3 4
-6 2
+6 2
cfi=(36)
cfn=(118)
calls=2 39 
* 42
* 4
+2 4
cfi=(49)
cfn=(156)
calls=2 61 
* 456
+1 6
+1 4
+9 8

fn=(112) _dl_catch_error
fi=(2)
781 2
+8 1
+6 1
-6 2
+6 3
fe=(35)
225 9
+2 2
cfn=(116)
calls=1 -52 
* 2242
* 4

fn=(178) _dl_receive_error
fi=(2)
1877 3
+1 2
+1 1
cfn=(186) init_tls
calls=1 699 
* 71410
fe=(35)
238 2
+8 1
-8 2
+1 2
-1 1
+1 1
+4 1
-3 1
+4 1
+2 1
cfi=(2)
cfn=(180) version_check_doit
calls=1 639 
* 2269

fl=(22)
fn=(60)
54 201
+1 201
+1 201
+1 201
+1 79
+1 79
+5 4
+1 4
+2 4
+1 4
+1 4
+1 4
+1 4
+1 4
+5 4
+1 4
+5 4
+1 4
+1 4
+1 4
+3 4
+1 4
+1 4
+39 75
+1 75
+1 75
+1 75
+1 75
+1 75
+1 75
+6 75
+2 75
+1 75
+1 75
cfn=(61) strcmp'2
calls=75 -79 
* 2245
+6 122
+1 122
+2 324
+1 324
+1 324
+1 324
+1 324
+1 284
+1 284
+5 140
+1 140
+1 140
+1 140
+1 140
+2 140
+1 140
+1 140
+1 140
+1 140
+1 140
+1 82
cfn=(61)
calls=82 77 
* 738
+3 40
+1 40

fn=(61)
64 140
+1 140
+2 140
+1 140
+1 140
+1 140
+1 140
+1 140
-5 75
+1 75
+1 75
+1 75
+1 75
+1 75
+5 157
+1 157
+5 157
+1 157
+1 157
+1 157
+3 157
+1 157
+1 157

fl=(7)
fn=(14)
91 21
+1 21
+1 21
+1 21
+1 21
+1 4
+1 4
+3 3
+1 3
+1 3
+1 3
+1 3
+1 3
+1 1
+1 1
+1 1
+1 1
+1 1
+6 17
+1 17
+1 1
+1 1
+1 1
+1 1
+1 1
+4 16
+1 11
+1 11
+1 11
+1 11
+1 11
cfi=(49)
cfn=(155)
calls=1 447 
* 1165
cfi=(18)
cfn=(43)
calls=1 -28 
* 219
+4 5
+1 2
+1 2
+1 2
+1 2
+1 2
+5 3
+1 2
+1 2
+1 2
+1 2
+1 2
+1 2
+1 2
+1 3
+6 2
+1 2
+1 2
+1 2
+1 2
+1 2
+1 2
+1 2
+1 2
+1 2
+1 2
+1 2
+1 2
cfi=(18)
cfn=(43)
calls=1 -68 
* 319
+9 1
+1 1
+1 1
+1 1
+1 1
+1 1
+1 1
+1 1
+1 1
+1 1
+1 1
+1 1
+2 9
+1 9
+1 9
+1 9
+1 9
+1 9
+1 9
+1 9
+1 9
+1 9
+6 1
+1 1
+1 1
+1 1
+1 1
+1 1
+1 1
+1 1
+1 1
+1 1
+1 1
+1 1
+1 1

fn=(15) memcpy'2
91 6
+1 6
+1 6
+1 6
+1 6
+1 2
+1 2
+3 2
+1 2
+1 2
+1 2
+1 2
+1 2
+1 1
+1 1
+1 1
+1 1
+1 1
+6 4
+1 4
+1 3
+1 3
+1 3
+1 3
+1 3
cfi=(49)
cfn=(155)
calls=1 594 
* 232
cfi=(49)
cfn=(155)
calls=1 447 
* 432
+4 1
+1 1
+1 1
+1 1
+1 1
+1 1
+28 1
+1 1
+1 1
+1 1
+1 1
+1 1
+1 1
+1 1
+1 1
+1 1
+1 1
+1 1
+1 1

fl=(50)
fn=(160)
35 4
+1 24
+4 1
-4 12
+4 3

fl=(32)
fn=(96)
46 4
+3 4
+5 3
+5 3
+1 1
-1 2
+1 1
-1 1
+1 1
-2 1
+6 4
-14 8
+4 8
+3 2
+1 1

fn=(100) _dl_debug_state
74 2

fl=(37)
fn=(164) _dl_sysdep_read_whole_file
44 4
+3 1
-3 2
+3 1
cfi=(38)
cfn=(128)
calls=1 -13 
* 17
+1 1
+2 5
cfi=(41)
cfn=(136)
calls=1 -17 
* 9
* 1
+2 2
+3 1
+2 6
cfi=(42)
cfn=(138)
calls=1 -6 
* 10
* 2
cfn=(165) _dl_sysdep_read_whole_file'2
calls=1 +11 
* 13
fi=(51)
201 1
+8 5
+1 19
+3 1
fi=(52) /build/glibc-RIFKjK/glibc-2.31/elf/../sysdeps/generic/dl-cache.h
-60 4
fi=(51)
+65 1
+1 1
-1 1
+1 1
cfn=(163) _dl_load_cache_lookup'2
calls=1 +51 
* 1201
fe=(37)

fn=(165)
68 2
cfi=(47)
cfn=(150)
calls=1 -42 
* 6
+3 5

fn=(124)
282 100
+1 40
cfi=(22)
cfn=(60)
calls=20 54 
* 280
* 20
+3 20
+2 20
+4 21
-4 21
+1 78
cfi=(22)
cfn=(60)
calls=26 54 
* 638
* 26
-5 5
+11 15
-1 15
+1 45

fl=(16) /build/glibc-RIFKjK/glibc-2.31/elf/../misc/sbrk.c
fn=(36) sbrk
32 3
+8 1
-8 2
+8 5
+4 2
+16 5

fl=(20)
fn=(46) calloc
92 8
+7 8
+1 24
-4 8
+4 8
+3 8
cfn=(50)
calls=8 -54 
* 455
* 32

fn=(82)
265 4
+2 4
+1 2
+4 6
cfn=(83) strsep'2
calls=1 +5 
* 183
+22 1
cfi=(27)
cfn=(81)
calls=1 451 
* 11

fn=(83)
272 39
cfn=(83)
calls=13 +5 
* 1196
+7 56
-2 56
+17 1
-22 29
+18 1
+3 1
cfn=(83)
calls=1 +1 
* 1

fn=(50)
fi=(18)
89 1
+3 1
+4 1
+5 1
-5 1
-1 1
+6 1
-1 1
+1 1
-2 2
-3 1
+5 1
cfi=(7)
cfn=(14)
calls=1 -10 
* 18
+2 1
-2 1
+2 1
+13 2
+6 1
-19 1
+24 1
-5 1
+2 1
-2 1
+5 2
-3 2
+3 1
+1 2
cfn=(43)
calls=1 +5 
* 171
fe=(20)
-79 66
+1 22
-1 22
+1 86
+11 42
+1 21
-1 21
+3 123
+5 5
+1 3
+2 2
+1 7
cfi=(42)
cfn=(138)
calls=1 -22 
* 10
* 1
+2 2
+2 4
+2 4
+3 2
+3 3
-3 40
+3 60
-29 1
-1 2
+1 2
+1 1
-1 1
+1 1
-2 2
cfn=(51) malloc'2
calls=1 +6 
* 15

fn=(51)
61 2
+1 1
-1 1
+3 6
+18 2
+3 3

fn=(94)
109 9
+2 15
+7 9

fl=(60) /build/glibc-RIFKjK/glibc-2.31/elf/dl-init.c
fn=(232) _dl_init
0 3
fi=(1) ???
cob=(5) /home/ubuntu/Home/Documents/Skolarbeten/IOOPM/simon.pislar.2001/inluppar/inlupp1/freq_count
cfi=(72) ???
cfn=(280) 0x0000000000000dc8
calls=1 0 
0 273539
79 3
+5 2
-5 3
+5 1
-5 2
+2 1
-2 2
+1 1
+4 1
-54 3
cfn=(234) call_init.part.0
calls=1 -2 
* 73
+57 3
cfn=(233) _dl_init'2
calls=1 +5 
* 920

fn=(233)
92 3
+25 1
+1 4
+1 5
-89 3
+89 5
-89 5
cfn=(234)
calls=2 -2 
* 892
+88 2

fn=(234)
28 21
+11 3
-3 3
-8 6
+8 6
+3 6
+5 6
+5 6
+9 14
cob=(3)
cfi=(63) /build/glibc-RIFKjK/glibc-2.31/csu/init-first.c
cfn=(254) _init
calls=1 -6 
* 116
cob=(2)
cfi=(19)
cfn=(236) 0x00000000048344e0
calls=1 -58 
* 9
+4 4
+6 3
+2 3
-2 3
+2 3
+1 3
-3 3
+2 3
+1 12
+1 15
cob=(3)
cfi=(67) /build/glibc-RIFKjK/glibc-2.31/libio/vtables.c
cfn=(262) check_stdfiles_vtables
calls=1 +12 
* 18
cfi=(1)
cfn=(250) init_have_lse_atomics
calls=1 -72 
* 14
cob=(4)
cfi=(61)
cfn=(244)
calls=1 -72 
* 12
* 5
cob=(3)
cfi=(68) ???
cfn=(264) init_have_lse_atomics
calls=1 -72 
* 595
-1 6
+3 10
-29 2
+4 3
+70 10
-89 7
cfn=(235) call_init.part.0'2
calls=1 -2 
* 31
+88 4

fn=(235)
28 7
+11 1
-3 1
-8 2
+8 2
+3 2
+35 5
-34 3
cfn=(235)
calls=1 +34 
* 5
+78 2
+7 6

fl=(53) /build/glibc-RIFKjK/glibc-2.31/elf/../include/scratch_buffer.h
fn=(172) _dl_map_object_deps
85 5
fi=(49)
464 6
+1 4
cfn=(155)
calls=1 +3 
* 356
fe=(53)

fl=(11) /build/glibc-RIFKjK/glibc-2.31/elf/dl-tunables.h
fn=(22) __GI___tunables_init
fi=(10) /build/glibc-RIFKjK/glibc-2.31/elf/dl-tunables.c
67 2
+6 1
-3 1
+3 29
+4 1
+5 1
-9 1
+9 2
fe=(11)
+37 2
cfn=(23) __GI___tunables_init'2
calls=1 +1 
* 8847
+1 4
fi=(10)
328 5
-12 84
fe=(11)
119 58
+1 30
fi=(10)
310 84
70 1
-3 1
fe=(11)

fn=(23)
fi=(10)
67 52
+6 25
-3 25
+3 1607
+4 25
+5 25
-9 25
+9 50
fe=(11)
+37 50
cfn=(23)
calls=25 +1 
* 110073
* 40
+1 134
fi=(10)
328 130
-12 2184
fe=(11)
119 1476
+1 756
fi=(10)
310 2184
70 26
-3 26
362 7
fe=(11)

fl=(1)
fn=(0) 0x0000000000001100
0 2
cfi=(2)
cfn=(2) _dl_start
calls=1 463 
0 371953

fn=(250)
0 4
cfi=(62) /build/glibc-RIFKjK/glibc-2.31/misc/getauxval.c
cfn=(252) getauxval
calls=1 31 
0 5
0 5

fl=(9) /build/glibc-RIFKjK/glibc-2.31/elf/../elf/dl-sysdep.c
fn=(222) _dl_sysdep_start_cleanup
259 1

fn=(18) _dl_sysdep_start
fi=(2)
451 3
+8 4
fe=(9)
89 1
+25 2
-25 2
+24 1
+1 1
-1 1
+1 2
-25 2
+25 4
-25 1
+25 2
-25 1
+25 2
-25 1
+25 57
+6 1
-3 1
-3 1
+3 1
+1 1
-4 1
+3 1
+3 14
-29 1
-1 2
+30 7
cfn=(19) _dl_sysdep_start'2
calls=1 +1 
* 95738

fn=(19)
121 34
+9 1
+1 2
-11 38
+1 128
+39 1
+1 1
-41 26
cfn=(19)
calls=1 223 
* 95458
+1 26
+3 1
+1 1
cfn=(19)
calls=1 -5 
* 95660
-4 4
+33 1
+1 2
cfn=(19)
calls=1 -35 
* 95533
+28 1
-1 1
+1 1
cfn=(19)
calls=1 -63 
* 95523
-56 1
+1 1
cfn=(19)
calls=1 -8 
* 95634
+6 1
-1 1
+1 1
cfn=(19)
calls=1 -14 
* 95596
+24 1
-1 1
+1 1
cfn=(19)
calls=1 -38 
* 95484
+8 1
+1 2
cfn=(19)
calls=1 -47 
* 95676
+56 1
cfi=(10)
cfn=(20) __GI___tunables_init
calls=1 +64 
* 95457

fl=(48) /build/glibc-RIFKjK/glibc-2.31/io/../sysdeps/unix/sysv/linux/access.c
fn=(152) access
25 1
+4 10
+2 1

fl=(56) /build/glibc-RIFKjK/glibc-2.31/elf/dl-version.c
fn=(182) _dl_check_all_versions
fi=(2)
641 1
+4 3
fe=(56)
362 3
+4 2
-2 5
cfn=(183) _dl_check_all_versions'2
calls=1 +3 
* 2240

fn=(183)
367 1
+1 5
cfn=(184) _dl_check_map_versions
calls=1 156 
* 2234

fn=(184)
156 4
+15 1
-15 1
+15 1
+2 2
+2 2
+1 2
+2 1
+3 2
-16 1
+16 6
+4 1
-28 1
+28 2
-42 1
+75 4
37 3
201 3
37 2
201 1
37 3
+1 3
-1 3
+2 12
cfi=(37)
cfn=(124)
calls=4 282 
* 243
* 4
209 2
+5 2
66 2
214 2
66 1
214 2
+4 10
+2 1
-2 2
65 1
218 1
+4 1
65 1
-8 1
222 1
57 1
+8 1
+6 2
+16 1
+1 1
+2 2
+5 3
+14 6
+12 2
+4 1
-30 3
+16 1
+3 4
cfi=(22)
cfn=(60)
calls=1 -60 
* 76
* 1
225 1
+3 1
-3 3
+3 2
+9 3
+5 2
-43 1
cfn=(185) _dl_check_map_versions'2
calls=1 37 
* 628
367 1
+1 5
cfn=(185)
calls=1 156 
* 1138
-2 1
+2 3
-2 1

fn=(185)
156 12
+15 3
-15 3
+15 3
+2 6
+2 6
+1 6
+2 3
+3 2
-16 1
+16 6
+4 1
-28 1
+28 2
-42 1
+75 4
37 3
201 3
37 2
201 1
37 6
201 3
37 2
201 1
37 3
+1 5
-1 5
+2 21
cfi=(37)
cfn=(124)
calls=7 282 
* 457
* 7
209 4
+5 4
66 4
214 4
66 2
214 4
+4 26
+2 2
-2 4
65 2
218 2
+4 2
65 2
-8 2
222 2
57 2
+8 2
218 2
+2 2
-2 4
65 2
218 2
+4 2
65 2
-8 2
222 2
57 2
+8 2
+6 8
+16 4
+1 4
+2 8
+5 12
+14 30
+12 12
+4 6
-30 18
233 2
-11 2
cfn=(185)
calls=2 -4 
* 773
111 4
+3 16
cfi=(22)
cfn=(60)
calls=4 -60 
* 228
* 4
225 4
+3 4
-3 12
+3 6
+9 6
+14 12
+3 10
cfn=(185)
calls=2 +3 
* 506
+10 14
-7 14
+3 14
-3 42
+3 14
-3 2
+3 2
-3 6
+3 2
+8 3
+89 8
251 2
-94 2
+8 2
+86 3
cfn=(185)
calls=1 357 
* 4
+23 9
cfn=(185)
calls=1 +63 
* 38
cfn=(185)
calls=2 +26 
* 300
cfi=(20)
cfn=(46)
calls=3 92 
* 108
* 68
+23 3
cfn=(185)
calls=1 +3 
* 43
+18 2
-15 4
+2 4
-2 6
+2 6
+2 5
+2 5
-2 5
+1 5
-1 5
+3 5
-1 5
+1 5
-2 5
+1 5
+1 5
+3 10
+8 6
+5 1
-28 1
cfn=(185)
calls=1 +2 
* 46
+33 4
+3 1
+11 1
-11 4
cfn=(185)
calls=1 +6 
* 188
+20 14
-14 32
+4 14
-6 14
+7 28
+1 14
-1 14
+1 14
-1 14
+1 14
+1 14
+3 32
+10 8
+10 2
+1 10
cfn=(185)
calls=2 156 
* 1257
-2 3
+2 9
-2 3
+5 5

fl=(57)
fn=(194) _dl_relocate_object
fi=(2)
2269 4
+1 3
cfi=(33)
cfn=(218) _dl_add_to_slotinfo
calls=1 887 
* 24484
fe=(57)
148 7
+10 1
-10 5
+15 1
+1 6
+6 2
+6 2
+1 1
+1 3
cfn=(195)
calls=1 +2 
* 46396

fn=(195)
fi=(2)
2247 6
+2 2
+5 2
+2 1
+6 1
+2 1
-2 2
+2 2
+1 7
cfi=(57)
cfn=(195)
calls=1 148 
* 21957
+4 4
-13 2
+22 1
+2 1
-2 2
+5 5
+2 4
+7 3
cfi=(33)
cfn=(220) _dl_allocate_tls_init
calls=1 437 
* 7432
+28 1
cfn=(39)
calls=1 +14 
* 51
fe=(57)
148 21
+10 3
-10 15
+15 3
+1 18
+6 6
+6 6
+4 12
+7 12
+40 4
fi=(3)
70 8
fe=(57)
227 8
fi=(3)
70 12
fe=(57)
255 90
-96 4
fi=(3)
307 16
fe=(57)
159 4
fi=(5)
46 2
+1 2
+1 2
+10 2
fe=(57)
159 4
fi=(3)
307 16
fe=(57)
159 4
fi=(5)
46 2
+1 2
+1 2
+10 2
fe=(57)
255 6
-78 3
+1 9
cfn=(195)
calls=3 +2 
* 24109
fi=(3)
76 4
+1 4
+12 2
-8 2
+8 2
fi=(5)
-5 4
+2 4
+12 8
-12 4
+12 4
-15 4
+15 4
+10 3
+3 9
fi=(3)
380 3
fi=(5)
111 3
fi=(3)
380 3
fi=(5)
111 3
fi=(3)
380 6
fi=(5)
111 3
fi=(3)
380 1264
fi=(5)
111 1264
fi=(3)
380 1264
fi=(5)
111 1264
fi=(3)
380 2528
fi=(5)
111 1264
+7 8
+6 3
-3 3
+3 3
fi=(3)
320 24
fi=(5)
136 3
+2 3
-2 3
fi=(3)
252 3
-2 3
fi=(5)
139 3
-2 3
-1 3
+1 9
fi=(3)
252 3
+2 3
+5 9
fi=(21)
126 9
fi=(3)
259 51
fi=(5)
138 6
fi=(3)
259 6
fi=(5)
138 3
fi=(3)
259 39
cfi=(8)
cfn=(202)
calls=3 841 
* 58817
fe=(57)
-4 5
cfi=(5)
cfn=(199)
calls=1 46 
* 117
fi=(3)
+65 1
fi=(5)
160 1
fi=(3)
320 1
fi=(5)
160 6
+10 2
fi=(3)
+82 1
-2 1
fi=(5)
-79 1
-1 4
fi=(3)
+82 1
+2 1
+5 3
fi=(21)
126 3
fi=(3)
259 29
cfi=(8)
cfn=(202)
calls=1 841 
* 2273
104 2
fe=(57)
255 2
fi=(3)
104 4
fe=(57)
255 12
cfn=(195)
calls=2 -96 
* 21599

fn=(216)
309 12
+1 4
-1 8
+1 16
+3 4
-3 8
+3 8
+4 8
+7 12
-6 12
cfi=(44)
cfn=(142)
calls=4 78 
* 20
* 4

fl=(49)
fn=(154) _dl_map_object_deps
fi=(2)
1810 2
+1 4
-1 2
+1 3
-1 1
+1 3
-1 6
+1 9
-1 3
+4 4
+1 2
+1 1
+2 2
+1 4
cfn=(39)
calls=1 * 
* 73754
fe=(49)
159 1
+1 2
-1 3
+1 1
-1 1
+1 1
-1 6
+1 10
-8 1
+8 1
-8 1
-6 1
-2 1
+8 1
-6 1
+6 2
+24 2
-30 3
-2 1
+33 1
-32 1
+1 1
+30 1
-30 1
+6 4
+24 9
fi=(53)
-99 1
fe=(49)
198 1
fi=(53)
77 1
fe=(49)
200 1
-2 1
303 1
200 1
fi=(53)
78 1
fe=(49)
200 1
303 1
198 1
fi=(53)
77 1
+1 1
fe=(49)
180 1
+29 1
+4 1
-33 1
+29 2
+4 1
+11 2
-10 5
+23 1
-11 1
+7 1
+4 1
-5 1
-6 1
+7 1
+1 1
-8 1
+8 1
-3 1
+6 3
+66 1
-65 1
+65 1
-97 1
+32 1
+6 5
cfi=(27)
cfn=(86)
calls=1 -13 
* 46
* 3
+4 3
-2 1
+2 1
cfi=(35)
cfn=(116)
calls=1 -73 
* 6414
* 4

fn=(155)
224 12
-18 2
+18 2
433 2
+2 2
+3 4
cfi=(7)
cfn=(14)
calls=1 91 
* 1178
cfi=(20)
cfn=(50)
calls=1 49 
* 24
* 12
+9 8
cfi=(7)
cfn=(15)
calls=2 91 
* 25
+2 2
+2 2
-1 2
+1 4
+4 9
202 2
+7 6
+4 2
-4 2
+4 2
+1 14
fi=(53)
-83 4
cfi=(54)
cfn=(175)
calls=1 30 
* 16
fe=(49)
+86 4
+4 4
cfn=(155)
calls=2 +3 
* 2324
458 4
-1 9
+1 3
199 2
cfi=(53)
cfn=(172)
calls=1 85 
* 371
+38 1
-11 1
+7 1
+4 1
-5 1
-6 1
+7 1
+1 1
-8 1
+8 1
-3 1
+6 3
+66 1
-65 1
+65 1
-97 1
+32 1
+6 5
cfi=(27)
cfn=(86)
calls=1 -13 
* 66
* 3
+4 3
-2 1
+2 1
cfi=(7)
cfn=(15)
calls=1 91 
* 444
cfi=(20)
cfn=(50)
calls=1 49 
* 24
cfi=(35)
cfn=(117)
calls=1 -73 
* 286
* 242
468 4
+11 5
cfi=(7)
cfn=(15)
calls=1 91 
* 244
cfi=(20)
cfn=(50)
calls=1 49 
* 24
* 79
608 2
+3 1
+3 9
-20 5
cfi=(55) /build/glibc-RIFKjK/glibc-2.31/elf/dl-sort-maps.c
cfn=(176) _dl_sort_maps
calls=1 28 
* 227

fn=(156)
61 12
+3 6
+1 3
-1 17
cfi=(27)
cfn=(122)
calls=2 1927 
* 4664
* 3
cfi=(27)
cfn=(122)
calls=1 1927 
* 218
* 2
+5 6
fi=(35)
209 3
+1 2
+9 4
fe=(49)

fl=(55)
fn=(176)
fi=(49)
597 1
+1 1
+2 2
-1 1
+1 3
cfn=(155)
calls=1 +8 
* 12
fi=(142)
104 2
+5 1
-5 1
cfi=(2)
cfn=(58) rtld_lock_default_unlock_recursive
calls=1 808 
* 4
+5 2
+2 1
+2 2
+6 1
-3 2
+3 1
+4 3
+12 1
-1 1
+2 1
-2 1
+2 1
+1 1
-3 1
+3 3
+1 2
cob=(5)
cfi=(72)
cfn=(640) 0x0000000000000ec8
calls=1 0 
* 1004
fe=(55)
28 2
+2 2
-2 16
+2 2
+4 36
-1 4
+1 2
+1 20
cfi=(46)
cfn=(146)
calls=2 +2 
* 24
* 2
+4 2
+1 8
-1 10
+3 2
+12 10
+2 4
+1 2
-3 2
+2 4
+1 2
+33 4
-36 16
+61 10
cfn=(177) _dl_sort_maps'2
calls=2 +3 
* 214
-56 6
+1 12
-1 6
+1 4
+30 4
-44 6

fn=(177)
39 4
+1 16
-1 20
+3 4
+12 16
+2 4
+1 2
+33 2
-36 8
+61 16
cfn=(177)
calls=2 +3 
* 106
* 4
+7 16
-4 32
cfi=(46)
cfn=(146)
calls=4 -81 
* 52
* 4
cfn=(177)
calls=4 -79 
* 232
-28 2
-44 12

fl=(8)
fn=(16)
964 8
+2 4
+2 8
+2 4
+2 12
+8 4
-7 4
+8 4
-7 4
+3 4
-3 4
+3 4
-3 4
+7 4
-5 4
+3 4
+2 4
+5 4

fn=(202)
841 168
582 12
841 24
582 12
-1 24
+2 24
-1 24
+1 276
-1 288
847 24
-4 24
+1 12
+3 36
+4 21
+3 48
+6 12
-7 60
cfn=(203)
calls=12 +8 
* 4499
fi=(3)
259 15
+1 3
+8 7
-8 2
+3 2
-3 2
+3 2
-3 2
+3 2
+5 18
+28 6
+1 2
cfi=(5)
cfn=(198)
calls=2 124 
* 43568
-29 2
cfn=(196) _dl_relocate_object
calls=1 +28 
* 13902
-8 10
-1 4
+1 2
+3 1
-3 1
+3 1
-3 1
+3 1
+5 7
+28 3
+1 1
cfi=(5)
cfn=(198)
calls=1 160 
* 1766
-37 5
fi=(70)
116 8
-4 8
+4 8
+10 96
+15 8
fi=(6)
38 8
fi=(70)
141 24
+4 24
fi=(3)
+78 8
fi=(70)
-74 32
fe=(8)

fn=(203)
841 1456
582 104
841 208
582 104
-1 208
+2 208
-1 208
+1 2536
-1 2640
847 208
-4 208
+1 104
+3 312
+4 200
+3 416
+6 104
-7 520
cfn=(203)
calls=104 +8 
* 39225
+8 1276
cfn=(204) do_lookup_x
calls=116 368 
* 42448
+86 4
+5 2
+2 90
fi=(3)
259 500
+1 100
+8 28
-8 96
+3 96
-3 96
+3 96
-3 96
+3 96
+5 684
+28 288
+1 96
cfi=(5)
cfn=(199)
calls=96 124 
* 1294766
-29 8
cfn=(197)
calls=3 +28 
* 30908
cfn=(196)
calls=1 +28 
* 33708
-8 480
-1 16
+1 4
+8 36
cfn=(197)
calls=3 +28 
* 1585
cfn=(196)
calls=1 +28 
* 1353
fe=(8)

fn=(204)
368 348
+1 116
-1 696
+6 116
-6 696
+48 232
-41 464
498 812
395 464
cfn=(205) do_lookup_x'2
calls=116 -16 
* 34754
860 36
+1 223
+5 232
+24 749
+40 535
+14 214
+3 424
+5 212
+2 954
-86 45
+18 9
-1 9
+1 9
cfn=(203)
calls=9 +68 
* 81
+59 3
cfn=(203)
calls=1 +2 
* 15

fn=(205)
400 738
+8 369
-4 369
+8 369
-7 369
+4 369
-1 369
+5 369
+4 738
+3 369
-3 369
+3 369
-5 369
+8 1476
571 786
379 738
+3 738
+4 738
+4 738
+4 1107
+88 214
fi=(21)
126 321
fe=(8)
533 214
+3 796
+16 107
+1 107
+1 107
+21 856
427 108
-1 108
+1 216
-1 108
+2 108
+2 1728
cfn=(205)
calls=108 +3 
* 20756
+13 232
-10 1115
+2 107
+1 214
-1 107
+1 107
+1 107
-1 214
+1 107
-1 856
cfn=(206) check_match
calls=107 75 
* 13103
+4 107
574 9
+1 72
-35 45
-66 3
318 11
cfn=(205)
calls=1 474 
* 318
-24 1284
cfn=(205)
calls=107 482 
* 2767

fn=(206)
75 749
+3 107
-3 642
+3 214
+13 214
-13 107
+13 107
-13 107
+13 321
+3 382
cfi=(22)
cfn=(60)
calls=42 -40 
* 2363
* 42
+4 107
+1 107
+2 105
+19 105
+1 945
+39 107
+7 535
-18 2
+2 2
+1 6
-1 6
-29 315
cfi=(22)
cfn=(60)
calls=105 -68 
* 5301
* 105

fl=(62)
fn=(252)
31 2
+1 2
+16 1

fl=(51)
fn=(162)
fi=(27)
2102 1
+2 1
+4 1
+8 3
+23 6
cfn=(126)
calls=1 1466 
* 1847
fe=(51)
187 3
+8 1
-8 2
+8 1
-8 2
+8 1
+3 4
+3 5
cfi=(37)
cfn=(164)
calls=1 44 
* 1310

fn=(163)
270 5
+15 4
cfi=(10)
cfn=(32) __tunable_get_val
calls=1 +86 
* 24
+23 1
-15 1
-14 1
+6 1
+23 1
-15 1
+15 4
cfn=(163)
calls=1 * 
* 1158
* 116
cfn=(168) _dl_cache_libcmp
calls=9 142 
* 691
* 40
cfn=(163)
calls=7 * 
* 5324
+31 1
-31 13
cfn=(168)
calls=1 142 
* 75
* 3
-14 1
+14 2
-14 1
+14 1
-15 1
+15 3
cfn=(163)
calls=1 * 
* 210
* 20
+16 2
+4 1
+8 2
cfi=(15)
cfn=(34)
calls=1 94 
* 42
* 11
+1 1
-1 1
+1 3
cfi=(7)
cfn=(14)
calls=1 91 
* 18
+1 1
cfi=(31)
cfn=(90)
calls=1 40 
* 102
+1 6

fn=(168)
142 20
+2 350
+20 98
+2 98
-24 40
+28 40
+1 40
-29 40
+4 2
+8 1
-1 1
-1 1
+2 4
+2 4
-3 1
+3 1
+2 2
cfn=(169) _dl_cache_libcmp'2
calls=1 -16 
* 5
+9 9
+8 9

fn=(169)
142 2
+32 2
+1 1

fn=(224) _dl_unload_cache
348 3
+1 5
+2 3
cfi=(44)
cfn=(226)
calls=1 78 
* 5
+1 1
+2 3

fl=(39)
fn=(130)
26 10
+1 2

fl=(33)
fn=(220)
fi=(2)
2295 3
+9 6
+2 4
+13 1
+1 3
-1 2
+1 2
cfi=(57)
cfn=(195)
calls=1 148 
* 7287
fe=(33)
437 4
+1 1
+4 2
+6 9
+12 1
-15 1
+36 1
-37 1
+40 1
-24 1
+5 8
cfn=(221) _dl_allocate_tls_init'2
calls=1 +6 
* 94

fn=(221)
474 1
+1 1
+6 4
+3 1
-2 2
+6 1
-4 2
+4 1
-4 1
+3 1
-2 1
+2 1
+4 2
+1 4
+15 1
-10 1
+7 1
+3 1
cfi=(29)
cfn=(78)
calls=1 34 
* 21
* 5
cfi=(46)
cfn=(146)
calls=1 37 
* 20
* 2
-42 4
+6 6
+50 5
+3 4

fn=(218)
fi=(2)
2270 1
cfn=(39)
calls=1 -23 
* 24457
fe=(33)
887 4
+9 2
-9 1
+6 1
+3 1
-9 3
cfn=(219) _dl_add_to_slotinfo'2
calls=1 +14 
* 14

fn=(219)
901 3
+41 1
+3 4
-1 1
+3 5

fn=(188) _dl_determine_tlsoffset
fi=(2)
748 1
cfi=(33)
cfn=(190) _dl_allocate_tls_storage
calls=1 332 
* 257
fe=(33)
141 2
-6 2
+6 2
+3 2
+83 1
-2 1
-89 1
+91 2
-89 1
-1 1
+92 2
cfn=(189) _dl_determine_tlsoffset'2
calls=1 * 
* 41

fn=(189)
250 1
-23 1
+23 3
+1 1
+1 3
+2 2
+1 1
+3 2
-31 1
+31 1
+3 1
-34 2
+2 2
+3 1
+4 1
-5 1
+1 1
+4 1
-5 1
+3 1
-3 1
+3 1
+2 3
-9 2
+37 1
+9 1
-8 1
-1 1
+8 1
+1 1

fn=(190)
fi=(2)
749 1
+6 3
+3 1
+3 2
+3 1
-3 1
+3 3
fe=(33)
332 1
+13 2
-13 2
+14 1
-14 1
+13 1
+1 3
cfi=(46)
cfn=(146)
calls=1 37 
* 196
cfi=(20)
cfn=(50)
calls=1 49 
* 24
* 14

fn=(191) _dl_allocate_tls_storage'2
379 1
+2 1
-2 1
+2 1
cfn=(192) allocate_dtv
calls=1 278 
* 65

fn=(170)
51 5
+48 3
+4 1

fn=(192)
278 1
+7 1
+1 1
-8 3
+7 2
+1 2
cfi=(20)
cfn=(46)
calls=1 92 
* 36
* 12
+95 1
+1 1
+3 5

fn=(98) _dl_count_modids
113 4
+1 1
+15 1

fl=(25)
fn=(68)
45 2
fi=(2)
1549 1
cfi=(12)
cfn=(70)
calls=1 48 
* 77
* 9
+5 3
+3 1
-3 2
cfi=(27)
cfn=(74)
calls=1 681 
* 84621
fe=(25)

fl=(29)
fn=(78)
34 56
+1 14
cfi=(7)
cfn=(15)
calls=2 +56 
* 44
cfi=(7)
cfn=(14)
calls=12 +56 
* 159
+1 56
cfi=(18)
cfn=(43)
calls=2 247 
* 192
cfi=(27)
cfn=(81)
calls=1 520 
* 80
cfi=(28)
cfn=(77) _dl_important_hwcaps'2
calls=1 268 
* 167

fn=(79) mempcpy'2
34 4
+1 1
cfi=(7)
cfn=(14)
calls=1 +56 
* 14
+1 4

fl=(2)
fn=(180)
639 1
+2 2
-2 3
+2 3
cfi=(56)
cfn=(182)
calls=1 362 
* 2254
fi=(35)
248 1
+1 1
+1 4
fe=(2)

fn=(102) handle_preload_list
858 7
+5 3
-4 4
+7 4
cfn=(103) handle_preload_list'2
calls=1 * 
* 2644
1690 2
cfn=(39)
calls=1 +4 
* 80436

fn=(103)
863 2
+3 3
cfi=(34) /build/glibc-RIFKjK/glibc-2.31/string/strcspn.c
cfn=(104) strcspn
calls=1 32 
* 2641
+10 1
+1 2
cfn=(106) dso_name_valid_for_suid
calls=1 167 
* 14
+3 1
-3 2
+3 1
+1 4
cfn=(108) do_preload
calls=1 768 
* 2304
+3 9

fn=(108)
768 2
+8 1
-8 2
+10 2
-10 1
+12 5
-12 2
+10 1
+2 1
-6 1
+1 1
+1 1
+4 1
cfi=(35)
cfn=(112)
calls=1 225 
* 2266
* 4
881 2
cfn=(103)
calls=1 -18 
* 11

fn=(12) _dl_start_final
412 1
+13 1
-13 3
+11 2
+2 1
-2 1
-11 2
+12 1
+3 1
-2 1
-2 1
+1 1
+6 1
-5 1
cfi=(7)
cfn=(14)
calls=1 91 
* 122
+2 2
+1 1
+2 1
+1 1
-3 1
-1 1
+1 1
+2 1
cfi=(8)
cfn=(16)
calls=1 964 
* 22
+1 1
+1 1
+1 1
-1 1
+1 1
+1 2
+9 1
+6 1
-17 1
+11 1
+6 2
-16 1
+1 1
+15 1
cfi=(9)
cfn=(18)
calls=1 89 
* 95856
550 5

fn=(58)
808 15
+1 5

fn=(186)
699 3
+2 2
-2 1
+6 1
-4 2
+4 1
+11 1
-1 3
cfi=(33)
cfn=(188)
calls=1 141 
* 316
cfi=(20)
cfn=(46)
calls=1 92 
* 36
* 43
1879 2
cfn=(39)
calls=1 +2 
* 70999

fn=(38) dl_main
1090 1
2533 1
1102 1
+4 1
-4 1
+4 1
-16 2
+17 1
2533 1
1090 1
2540 1
1090 1
+12 2
2540 1
1107 1
-17 1
+22 2
-22 8
2533 1
1106 1
+1 1
+5 1
-10 1
2540 3
2667 1
2540 1
2674 2
-35 1
+28 1
+7 2
-35 1
2536 1
2667 1
+7 2
-35 3
+28 1
+7 2
-35 2
2535 1
+5 1
+2 2
cfi=(17) /build/glibc-RIFKjK/glibc-2.31/elf/dl-environ.c
cfn=(40) _dl_next_ld_env_entry
calls=1 29 
* 45
* 1
+4 1
-2 1
+2 4
+1 1
-1 4
+1 11
-1 44
+3 2
+6 8
+76 2
+1 12
+2 3
+1 1
cfn=(39)
calls=1 -93 
* 85889
fi=(9)
254 8
fe=(2)

fn=(39)
2542 4
cfi=(17)
cfn=(40)
calls=2 29 
* 135
* 2
+4 1
-2 1
+2 4
+1 1
-1 4
+1 6
-1 24
+3 2
+6 5
2704 4
+32 5
1122 6
2576 5
+7 4
1330 9
cfi=(18)
cfn=(42) _dl_new_object
calls=1 59 
* 85656
+40 18
+19 1
+27 1
-27 1
+2 1
+7 1
-9 1
-1 1
+10 1
-29 24
+1 45
+95 2
-96 1
+97 2
-97 2
1478 2
+3 1
+2 1
+2 3
+13 3
+1 1
+1 1
-1 1
+2 3
-2 2
cfi=(22)
cfn=(60)
calls=1 54 
* 27
* 1
+5 3
+3 1
-1 1
-2 1
+5 1
-2 1
+2 1
+1 1
+4 3
+2 1
fi=(4)
33 1
+9 1
+6 1
-2 1
+2 1
+5 1
+15 1
+3 1
+1 1
-3 1
-5 1
-4 1
-7 1
+10 1
+5 1
+3 1
+1 1
-3 1
-2 1
-3 1
-4 2
cfn=(62)
calls=1 -10 
* 85024
fe=(2)
1370 6
+55 2
-1 2
+1 2
+1 2
-2 2
+2 4
+1 1
+3 3
+1 2
-1 3
+1 2
+1 4
+1 6
+1 3
cfn=(39)
calls=1 -65 
* 85205
-64 2
+91 2
+1 1
cfn=(39)
calls=1 -93 
* 85124
-88 3
+1 1
cfn=(39)
calls=1 -6 
* 85259
+4 4
+1 1
cfn=(39)
calls=1 -11 
* 85162
1568 2
+9 1
-8 1
-1 1
+4 1
-4 2
+3 1
+1 1
-3 1
+8 1
-6 2
+1 1
+5 1
-7 1
+7 1
+18 5
+1 3
+5 2
-3 1
+2 1
+7 1
-2 2
-7 1
+2 1
+7 2
-6 1
+5 1
+1 6
+2 2
+1 1
-1 1
+1 1
+5 3
+6 5
-1 2
+2 4
+18 1
cfi=(33)
cfn=(98)
calls=1 113 
* 6
* 1
+8 2
+3 2
+4 3
+5 3
+1 1
cfi=(32)
cfn=(100)
calls=1 74 
* 1
+1 1
+4 3
+16 3
+4 1
-2 1
+2 3
+8 4
+15 5
cfi=(48)
cfn=(152)
calls=1 25 
* 12
* 1
+76 3
+20 8
cfi=(49)
cfn=(154)
calls=1 159 
* 80381
+13 6
+1 12
+12 2
+1 1
-1 2
+1 1
+2 1
+2 3
+2 1
-4 1
+4 1
-4 1
+5 1
-1 1
+14 2
+2 1
-1 2
+1 2
+11 1
+2 3
-2 1
+2 1
-2 1
+2 2
-2 1
+1 1
+1 1
cfi=(35)
cfn=(178)
calls=1 238 
* 73698
+14 2
817 1
+4 1
+9 1
-13 1
+13 1
-9 1
+9 1
+5 1
-5 1
fi=(146) /build/glibc-RIFKjK/glibc-2.31/elf/../sysdeps/unix/sysv/linux/dl-osinfo.h
64 1
fe=(2)
821 1
1886 2
2116 2
1829 3
cfn=(39)
calls=1 +36 
* 73710
2172 1
+4 2
-4 1
+4 2
+6 2
+3 1
+54 1
+7 2
-7 2
+3 1
-3 2
+3 2
+5 1
+17 1
+5 1
-11 1
+6 4
cfn=(39)
calls=1 -15 
* 70952
-17 6
+2 6
+5 6
+2 3
+6 3
+2 3
-2 6
+2 6
+1 14
cfi=(57)
cfn=(195)
calls=1 148 
* 24436
cfi=(57)
cfn=(194)
calls=1 148 
* 70915
+4 2
-11 1
+1 1
-3 1
+78 1
-4 1
cfi=(9)
cfn=(222)
calls=1 259 
* 1
+4 2
+21 3
cfi=(32)
cfn=(96)
calls=1 46 
* 8
+1 1
-1 1
+2 1
cfi=(32)
cfn=(100)
calls=1 74 
* 1
+1 1
+4 1
cfi=(51)
cfn=(224)
calls=1 348 
* 20
+5 9
2217 3
cfn=(39)
calls=1 -45 
* 70979
1578 4
cfn=(39)
calls=1 +17 
* 83182
2583 7
+2 3
+1 1
cfn=(39)
calls=1 -44 
* 85689
1690 4
cfn=(102)
calls=1 858 
* 83100
+99 13
+1 1
+3 3
+1 1
+1 1
-6 1
+7 2

fn=(2)
0 13
fi=(1)
cfi=(60)
cfn=(232)
calls=1 79 
0 274557
463 9
-1 2
+35 1
+2 1
-3 2
+3 82
-3 164
fi=(3)
46 1
+15 2
fe=(2)
507 1
fi=(3)
61 1
fi=(4)
-28 1
+15 1
fi=(3)
+13 1
fe=(2)
504 1
fi=(4)
48 1
+5 1
+15 1
+3 1
+1 1
-3 1
-5 1
-4 1
+13 1
-20 1
+10 1
+5 1
+3 1
+1 1
-3 1
-2 1
-3 1
-4 2
cfn=(6)
calls=1 -10 
* 97094
fe=(2)

fn=(3)
525 1
+16 2
-16 2
+16 1
cfn=(12)
calls=1 412 
* 96048

fn=(106)
167 1
+1 1
-1 1
+1 1
-1 2
+1 1
+8 3
+1 4

fn=(120)
606 1
+2 1
+1 1
-3 1
+2 1
+1 1
-3 2
+3 1
-1 1
+1 2
cfi=(27)
cfn=(122)
calls=1 1927 
* 2168
fi=(35)
209 3
+1 2
+9 4
fe=(2)

fn=(56) rtld_lock_default_lock_recursive
802 18
+1 6

fl=(26)
fn=(72)
78 4
+1 1

fl=(42)
fn=(138)
51 14
+8 49
+2 7

fl=(69)
fn=(270)
48 6
+5 6
+4 6
+4 6
+4 6
+4 6
+4 6
+4 6
+4 6
+5 6
+3 6
+2 6
+1 6
+1 6
+1 6
+1 6
+3 6
cob=(3)
cfi=(143) /build/glibc-RIFKjK/glibc-2.31/stdlib/cxa_finalize.c
cfn=(648) __cxa_finalize
calls=1 -68 
* 123
cob=(3)
cfi=(76) /build/glibc-RIFKjK/glibc-2.31/malloc/malloc.c
cfn=(531) free'2
calls=1 3087 
* 154
cob=(3)
cfi=(76)
cfn=(480) realloc
calls=1 3131 
* 480
cob=(3)
cfi=(76)
cfn=(328) malloc
calls=1 3023 
* 230
cob=(3)
cfi=(76)
cfn=(310) calloc
calls=1 3366 
* 61197
cob=(3)
cfi=(71) /build/glibc-RIFKjK/glibc-2.31/misc/getauxval.c
cfn=(276) getauxval
calls=1 -67 
* 6
cfi=(70)
cfn=(272)
calls=6 -32 
* 3145

fn=(271) _dl_runtime_resolve'2
48 2
+5 2
+4 2
+4 2
+4 2
+4 2
+4 2
+4 2
+4 2
+5 2
+3 2
+2 2
+1 2
+1 2
+1 2
+1 2
+3 2
cfi=(10)
cfn=(32)
calls=1 371 
* 23
cfi=(80) /build/glibc-RIFKjK/glibc-2.31/elf/dl-open.c
cfn=(322) _dl_find_dso_for_object
calls=1 201 
* 47
cfi=(70)
cfn=(272)
calls=2 -32 
* 1378

fl=(46)
fn=(146)
37 10
+1 10
+2 10
+1 10
+1 7
+1 7
+1 7
+3 7
+1 1
+1 1
+1 1
+2 6
+1 4
+1 4
+1 4
+1 2
+1 2
+1 2
+1 2
+1 2
+24 3
+1 3
+1 3
+1 3
+1 3
+1 3
+2 3
+1 3
+1 3
+1 3
+1 3
+2 3
+1 3
-4 62
+1 62
+2 62
+1 62
+1 3
+1 3
+1 3
cfi=(33)
cfn=(191)
calls=1 379 
* 69
* 2
+7 2
+1 2

fl=(30)
fn=(88)
66 7
+1 7
+1 7
+1 7
+1 7
+1 7
+1 7
+1 7
+6 5
+1 5
+1 5
+1 5
+1 5
+1 5
+1 5
+1 5
+1 5
+1 5
+1 5
+1 5
+1 5
+1 5
+1 5
+1 5
+1 5
+2 5
+1 5
+1 5
+3 5
+1 5
+1 5
+1 5
+1 5
+2 5
+1 5
+1 5
+1 5
+1 5
+1 5
+4 3
+1 3
+1 3
+1 3
+1 3
+1 3
+1 3
+1 3
+2 3
+2 3
+1 3
+1 3
+3 3
+1 3
+1 3
+1 3
-8 4
+1 4
+1 4
+3 4
+1 4
+1 4
+1 4

fl=(10)
fn=(20)
287 3
-9 1
+9 2
-9 1
+9 3
-9 1
fi=(11)
119 3
fe=(10)
-52 3
+6 1
-3 1
+3 53
+4 1
+5 1
-9 1
+9 2
fi=(11)
+37 2
cfn=(22)
calls=1 +1 
* 9154
fi=(12)
-83 2
cfi=(13)
cfn=(26)
calls=1 -3 
* 9
fi=(3)
204 5
fi=(14) /build/glibc-RIFKjK/glibc-2.31/elf/../sysdeps/unix/sysv/linux/aarch64/cpu-features.c
63 4
cfi=(10)
cfn=(32)
calls=1 371 
* 23
* 1
+1 1
+8 4
+6 2
+4 1
+2 1
fi=(9)
234 3
+1 1
cfi=(15)
cfn=(34)
calls=1 94 
* 35
* 1
+2 2
cfi=(16)
cfn=(36)
calls=1 32 
* 18
* 4
+12 3
+3 6
cfi=(2)
cfn=(38)
calls=1 1090 
* 86098
fe=(10)

fn=(32)
371 105
+9 15
-9 44
+9 3
+17 30
+2 3
-9 12
+1 12
cfn=(33) __tunable_get_val'2
calls=12 +6 
* 132

fn=(33)
397 120
+2 12

fl=(28)
fn=(76)
fi=(27)
694 1
+5 1
-5 1
+5 1
cfn=(75)
calls=1 +21 
* 895
cfi=(20)
cfn=(50)
calls=2 49 
* 48
* 76
fe=(28)
42 3
+1 1
-1 8
+1 2
-1 1
+1 2
cfi=(10)
cfn=(32)
calls=1 371 
* 24
+2 2
-2 1
+3 1
-1 1
+1 1
+9 2
252 2
cfn=(77)
calls=1 65 
* 296

fn=(77)
65 4
+83 13
+1 1
+36 2
+8 2
+2 1
+1 2
+1 2
+3 1
+1 1
-1 1
+1 1
+3 2
+3 3
+4 5
+1 1
-1 3
+1 1
+18 5
+1 2
-1 1
+1 1
cfi=(29)
cfn=(78)
calls=1 34 
* 194
cfi=(20)
cfn=(50)
calls=1 49 
* 24
* 21
+58 1
-7 1
+13 1
-1 2
+1 1
-1 2
+1 3
-1 6
+1 3
-1 7
+5 6
+3 1
-3 3
+3 5
+1 16
+1 4
-1 4
+1 12
-1 4
+1 8
-1 4
-1 4
+4 4
+5 1
-2 2
+2 2
-1 1
+1 1
-2 1
+2 1
+13 6
+3 1
-3 2
+3 1
-3 1
+3 1
-3 2
+3 1
+3 3
+3 9
221 2
cfn=(77)
calls=1 +9 
* 248
+47 1
+1 3
cfi=(29)
cfn=(79)
calls=1 34 
* 23
* 1
+25 1
cfn=(77)
calls=1 -5 
* 138

fl=(34)
fn=(104)
fi=(2)
866 1
+1 3
+2 4
cfi=(7)
cfn=(14)
calls=1 91 
* 26
+1 2
cfn=(103)
calls=1 +6 
* 2329
fe=(34)
32 4
+1 2
+1 2
+5 2
+8 1
-8 3
+1 1
+1 1
+1 1
-2 3
+1 3
+1 3
+2 1
cfn=(105) strcspn'2
calls=1 +3 
* 249

fn=(105)
44 2
+3 6
+1 2
-1 3
+1 1
+3 4
+1 4
+1 4
+1 4
+2 2
+6 1
+2 1
+1 1
-2 1
-1 1
+2 1
+3 7
-5 15
+2 15
+1 15
-2 15
-1 15
+2 15
+3 105
+2 1
+1 5
+1 3

fl=(18)
fn=(54)
fi=(2)
808 3
+1 1
fe=(18)
31 9
+2 3
-2 6
+2 3
-2 6
+2 12
cfi=(2)
cfn=(56)
calls=3 802 
* 12
+2 21
+3 15
+2 2
+2 2
+4 4
+4 2
-4 4
+1 2
-1 2
+5 2
-3 2
-2 2
+5 2
-5 4
+4 2
-3 2
+4 2
-3 2
+2 2
+1 2
-1 2
cfi=(2)
cfn=(58)
calls=2 808 
* 8
-5 2
cfn=(55) _dl_add_to_namespace_list'2
calls=1 +1 
* 20

fn=(55)
46 2
+4 1
-4 2
+1 1
-1 1
+5 1
-3 1
-2 1
+5 1
-5 2
+4 1
-3 1
+4 1
-3 1
+2 1
+1 1
-1 1

fn=(42)
fi=(2)
1330 1
+2 1
+3 1
1099 1
1334 1
+1 1
-2 1
+2 1
+4 1
-5 1
+5 1
cfi=(18)
cfn=(54)
calls=1 31 
* 50
+1 3
+29 2
-3 1
-2 2
+2 2
+3 1
-8 1
+1 1
+7 2
+56 1
-37 1
-18 1
+18 1
-18 1
+18 1
+37 2
-15 1
+51 1
-36 1
1096 3
1370 2
+86 2
cfn=(39)
calls=1 -86 
* 85266
fe=(18)
59 8
+3 1
-3 4
+3 2
+2 1
+1 1
+4 6
+5 2
cfn=(43)
calls=1 +15 
* 271

fn=(43)
fi=(27)
997 2
+1 2
+11 2
+2 2
+2 2
+1 4
-1 2
-3 4
-1 2
+2 2
+3 6
+1 4
+19 4
-2 2
+2 20
+8 4
-8 2
+8 8
+24 4
+60 6
-32 2
-28 2
-23 2
+83 2
-83 2
+23 2
+66 2
-52 2
-44 2
-1 2
-5 2
+64 2
-5 2
-46 6
cfn=(133)
calls=2 * 
* 932
1201 6
fi=(4)
42 2
+6 2
-2 2
+2 2
+5 2
+15 2
+3 2
+1 2
-3 2
-5 2
-4 2
-7 2
+10 2
+5 2
+3 2
+1 2
-3 2
-2 2
-3 2
-4 4
cfn=(148)
calls=2 -10 
* 798
fe=(18)
-1 16
+3 2
-3 8
+3 4
+15 10
cfi=(15)
cfn=(34)
calls=2 +17 
* 74
* 10
+12 6
cfi=(7)
cfn=(14)
calls=2 +2 
* 577
cfi=(20)
cfn=(46)
calls=2 +3 
* 107
* 34
* 3
cfi=(20)
cfn=(46)
calls=1 +3 
* 264
* 4
+14 2
-2 2
+2 2
+13 4
+6 2
-19 2
+24 2
-5 2
+2 2
-2 2
+5 4
-3 4
+3 2
+6 6
-4 3
+7 10
fi=(21)
1208 2
fe=(18)
136 2
fi=(21)
1208 5
fe=(18)
136 1
+2 1
-2 1
fi=(21)
1208 75
fe=(18)
136 15
+2 15
-2 16
+16 2
-6 1
+1 1
+5 1
-5 1
+5 1
-6 1
+6 6
-6 2
+1 2
+5 2
-5 2
+5 2
-6 2
+6 4
+2 4
+3 2
-3 4
+7 6
+4 2
+8 1
+3 2
+10 1
-10 4
+10 2
+2 4
cfi=(15)
cfn=(34)
calls=2 -94 
* 96
+4 2
-4 2
+34 2
-34 2
+34 2
-17 2
+4 2
-17 4
cfn=(43)
calls=2 +4 
* 324
+55 42
+1 126
+2 2
+6 2
-6 2
+3 2
+7 24
128 4
cfn=(43)
calls=2 +5 
* 502
* 2
+37 6
-15 1
+7 2
+10 2
cfn=(43)
calls=1 +6 
* 12
+29 4
cfi=(29)
cfn=(78)
calls=2 34 
* 254
cfi=(20)
cfn=(50)
calls=2 49 
* 48
* 18

fl=(43)
fn=(140)
fi=(45)
90 1
+3 2
fe=(43)
+11 6
+8 2
-2 1
+2 1
-2 1
+1 1
+1 1
+1 1
-1 2
+3 2
+5 2
+3 1
+8 9
cfi=(46)
cfn=(146)
calls=1 -94 
* 11
+1 5
+5 2
+12 2
-59 8
+2 4
+2 11
cfi=(42)
cfn=(138)
calls=1 -43 
* 10
* 5
fi=(27)
1192 3
fe=(43)

fl=(47)
fn=(150)
26 15
+1 3

fl=(36)
fn=(118)
39 4
+1 4
+1 4
+1 4
+1 4
+3 12
+1 4
+7 4
+1 4
+1 4
+1 4
+1 4
+2 4
+1 12
+1 4
+7 4
+1 4

fl=(17)
fn=(40)
29 3
-1 3
+4 7
cfn=(41) _dl_next_ld_env_entry'2
calls=1 +17 
* 1
* 50
+2 81
+1 27
+2 2
+3 4
+9 2

fn=(41)
49 1

fl=(3)
fn=(196)
296 6
+1 2
cfi=(5)
cfn=(198)
calls=1 124 
* 13898
cfi=(5)
cfn=(199)
calls=1 124 
* 33704
-1 3
+1 1
cfi=(5)
cfn=(199)
calls=1 160 
* 1349

fn=(197)
260 6
+3 3
-3 3
+3 3
-3 3
+3 3
+5 33
+28 18
+1 6
cfi=(5)
cfn=(199)
calls=6 124 
* 81683
-37 15
+36 9
+1 3
cfi=(5)
cfn=(199)
calls=3 160 
* 1573

fl=(38)
fn=(128)
34 28
+3 42
+8 35
+2 6
-2 16
+2 8

fl=(80)
fn=(322)
201 3
+4 2
-4 2
+4 5
+1 2
+1 18
+1 2
-2 4
+5 3
+4 6

fl=(15)
fn=(34)
94 12
+1 12
+1 12
+1 12
+1 11
+9 11
+1 11
+1 11
+1 11
+1 11
+1 11
+1 11
+1 11
+3 5
+1 5
+1 5
+1 5
+1 5
+1 5
+1 5
+7 6
+1 6
+2 6
+2 6
+1 6
+1 6
+1 6
+1 6
-6 3
+2 3
+1 3
+1 3
+1 3
+1 3
+1 9
+1 9
+1 9
+1 9
+1 9
+1 9
+1 6
+3 6
+1 6
+1 6
+1 6
+1 6
+1 6
+15 6
+2 6
+1 6
+1 6
+1 6
+1 6
+1 6
+1 6
+27 1
+1 1
+1 1
+1 1
+6 1
+2 1
+1 1
+1 1
+1 1
+1 1
+1 1
+1 1
cfn=(35) strlen'2
calls=1 -86 
* 19

fn=(35)
135 1
+1 1
+1 1
+1 1
+1 1
+10 1
+1 1
+1 1
+1 1
+1 1
+1 1
+15 1
+2 1
+1 1
+1 1
+1 1
+1 1
+1 1
+1 1

fl=(41)
fn=(136)
33 6
+1 3
+1 15
+4 3

fl=(142)
fn=(636) _dl_fini
30 1
+20 1
-20 2
+20 1
-20 1
+20 1
-20 2
+20 1
-20 2
+20 1
fi=(21)
1208 4
fe=(142)
47 6
cfn=(637) _dl_fini'2
calls=1 +6 
* 1386
fi=(133) /build/glibc-RIFKjK/glibc-2.31/stdlib/exit.c
+9 4
cob=(3)
cfi=(68)
cfn=(290) __aarch64_cas4_acq
calls=1 -56 
* 11
* 1
+3 1
+2 1
+53 3
-44 2
+42 5
cob=(3)
cfi=(68)
cfn=(290)
calls=1 0 
* 11
* 1
-47 2
+1 1
-1 1
+1 3
cob=(3)
cfi=(68)
cfn=(294) __aarch64_swp4_rel
calls=1 -66 
* 9
* 2
+63 2
+1 15
cob=(3)
cfi=(101) /build/glibc-RIFKjK/glibc-2.31/libio/genops.c
cfn=(682) _IO_cleanup
calls=1 863 
* 407
-10 2
+1 1
+5 4
cob=(3)
cfi=(68)
cfn=(294)
calls=1 0 
* 9
* 2
fe=(142)

fn=(637)
53 3
cfi=(2)
cfn=(56)
calls=1 802 
* 4
+2 1
+3 1
+2 6
+8 1
-3 1
+3 1
-3 1
+3 11
+5 2
cfn=(637)
calls=1 +2 
* 1337
+2 12
+2 8
+8 4
-6 4
+6 8
-5 4
+1 4
-8 8
+14 5
+1 5
+6 4
cfi=(55)
cfn=(176)
calls=1 -66 
* 1267
-44 1
174 2
+6 2
+7 8
-93 4
cfn=(637)
calls=1 * 
* 1271
+80 4

fl=(31)
fn=(90)
40 12
+1 3
cfi=(15)
cfn=(34)
calls=3 +53 
* 116
* 3
+1 6
cfi=(20)
cfn=(50)
calls=3 +7 
* 72
* 30
fi=(7)
+49 3
+1 3
+1 3
+1 3
+1 3
+1 2
+1 2
+3 2
+1 2
+1 2
+1 2
+1 2
+1 2
+1 1
+1 1
+1 1
+1 1
+1 1
+6 1
+1 1
+9 1
+1 1
+1 1
+1 1
+1 1
+1 1
+28 1
+1 1
+1 1
+1 1
+1 1
+1 1
+1 1
+1 1
+1 1
+1 1
+1 1
+1 1
+1 1
fe=(31)

ob=(5)
fl=(128) /home/ubuntu/Home/Documents/Skolarbeten/IOOPM/simon.pislar.2001/inluppar/inlupp1/iterator.c
fn=(598) ioopm_iterator_destroy
26 7
cob=(3)
cfi=(94) /build/glibc-RIFKjK/glibc-2.31/gmon/../gmon/mcount.c
cfn=(380) _mcount@@GLIBC_2.18
calls=1 180 
* 38
* 8
-26 4
fi=(19)
cob=(3)
cfi=(76)
cfn=(530) free
calls=1 3087 
0 117
fe=(128)

fn=(566) ioopm_list_iterator
fi=(93) /home/ubuntu/Home/Documents/Skolarbeten/IOOPM/simon.pislar.2001/inluppar/inlupp1/freq_count.c
86 1
+1 1
cfn=(377) main'2
calls=1 * 
* 60346
fe=(128)
-79 7
cob=(3)
cfi=(76)
cfn=(328)
calls=1 3023 
* 206
cob=(3)
cfi=(94)
cfn=(380)
calls=1 180 
* 38
* 10

fn=(572) ioopm_iterator_current
fi=(93)
89 1
+2 2
cfi=(128)
cfn=(574) ioopm_iterator_next
calls=1 -60 
* 60226
fe=(128)
-69 7
cob=(3)
cfi=(94)
cfn=(380)
calls=1 180 
* 38
* 10

fn=(573) ioopm_iterator_current'2
fi=(93)
89 26
+2 52
cfi=(128)
cfn=(575) ioopm_iterator_next'2
calls=26 -60 
* 1504451
fe=(128)
-69 182
cob=(3)
cfi=(94)
cfn=(380)
calls=26 180 
* 988
* 260

fn=(570) ioopm_iterator_has_next
fi=(93)
88 2
cfi=(128)
cfn=(572)
calls=1 -66 
* 60284
-1 2
fe=(128)
-72 7
cob=(3)
cfi=(94)
cfn=(380)
calls=1 180 
* 38
* 11

fn=(571) ioopm_iterator_has_next'2
fi=(93)
88 52
cfi=(128)
cfn=(573)
calls=26 -66 
* 1505959
-1 54
-70 6
cob=(3)
cfi=(129) /build/glibc-RIFKjK/glibc-2.31/stdlib/msort.c
cfn=(578) qsort
calls=1 308 
* 55551
* 4
fe=(128)
-2 189
cob=(3)
cfi=(94)
cfn=(380)
calls=27 180 
* 1026
* 297

fn=(574)
fi=(93)
87 2
cfi=(128)
cfn=(571)
calls=1 -72 
* 60169
fe=(128)
-56 7
cob=(3)
cfi=(94)
cfn=(380)
calls=1 180 
* 38
* 10

fn=(575)
fi=(93)
87 52
cfi=(128)
cfn=(571)
calls=26 -72 
* 1502969
fe=(128)
-56 182
cob=(3)
cfi=(94)
cfn=(380)
calls=26 180 
* 988
* 260

fl=(95) /home/ubuntu/Home/Documents/Skolarbeten/IOOPM/simon.pislar.2001/inluppar/inlupp1/hash_table.c
fn=(514) ioopm_hash_table_insert
61 52
cfi=(93)
cfn=(522) string_eq
calls=13 +1 
* 5856

fn=(604) ioopm_hash_table_destroy
51 7
cfn=(606) ioopm_hash_table_clear
calls=1 175 
* 3681
cob=(3)
cfi=(94)
cfn=(380)
calls=1 180 
* 38
* 6
-51 4
fi=(19)
cob=(3)
cfi=(76)
cfn=(530)
calls=1 3087 
0 106
fe=(95)

fn=(506) ioopm_hash_table_has_key
212 216
cob=(3)
cfi=(94)
cfn=(381) _mcount@@GLIBC_2.18'2
calls=27 -32 
* 80664
* 108
fi=(93)
24 54
+2 54
cob=(3)
cfi=(122) /build/glibc-RIFKjK/glibc-2.31/string/strdup.c
cfn=(510) strdup
calls=27 +14 
* 6816
* 324
fe=(95)

fn=(556) ioopm_hash_table_size
fi=(93)
84 1
-2 1
+2 7
+21 2
cfi=(127) /home/ubuntu/Home/Documents/Skolarbeten/IOOPM/simon.pislar.2001/inluppar/inlupp1/linked_list.c
cfn=(596) ioopm_linked_list_destroy
calls=1 -73 
* 3493
+1 2
cfi=(128)
cfn=(598)
calls=1 -80 
* 174
+1 5
cfi=(95)
cfn=(600) ioopm_hash_table_apply_to_all
calls=1 272 
* 9361
-23 6
+1 3
cfi=(95)
cfn=(558) ioopm_hash_table_keys
calls=1 +97 
* 69810
fe=(95)
+52 7
cob=(3)
cfi=(94)
cfn=(380)
calls=1 +43 
* 38
* 8

fn=(558)
fi=(93)
87 1
-2 1
+1 1
cfi=(128)
cfn=(566)
calls=1 -78 
* 60609
fe=(95)
+96 8
cfi=(127)
cfn=(560) ioopm_linked_list_create
calls=1 19 
* 9146
cob=(3)
cfi=(94)
cfn=(380)
calls=1 -2 
* 38
* 6

fn=(559) ioopm_hash_table_keys'2
159 15
+3 18
-9 12
+14 6
-14 6
cfi=(127)
cfn=(565) ioopm_linked_list_append'2
calls=5 38 
* 24011
cfi=(127)
cfn=(564) ioopm_linked_list_append
calls=1 38 
* 8448

fn=(586) ioopm_hash_table_lookup
fi=(130) /usr/include/aarch64-linux-gnu/bits/stdio2.h
107 5
cob=(3)
cfi=(96) /build/glibc-RIFKjK/glibc-2.31/debug/printf_chk.c
cfn=(391) __printf_chk'2
calls=1 -82 
* 44135
* 4
fe=(95)
-6 10
cfi=(93)
cfn=(516) string_sum_hash
calls=1 -49 
* 366
cob=(3)
cfi=(94)
cfn=(380)
calls=1 +79 
* 38
* 9

fn=(587) ioopm_hash_table_lookup'2
fi=(130)
107 130
cob=(3)
cfi=(96)
cfn=(391)
calls=26 -82 
* 570625
* 104
fe=(95)
-6 260
cfi=(93)
cfn=(516)
calls=26 -49 
* 11678
cob=(3)
cfi=(94)
cfn=(380)
calls=26 +79 
* 988
* 234
-40 108
cfi=(93)
cfn=(522)
calls=27 +1 
* 9064

fn=(518) ioopm_hash_table_any.part.0
249 338
cob=(3)
cfi=(94)
cfn=(381)
calls=26 -69 
* 78416
* 104
+1 26
-36 78

fn=(384) ioopm_hash_table_create
fi=(93)
72 1
+5 5
fi=(130)
+30 1
fi=(93)
-30 1
fi=(130)
+30 4
cob=(3)
cfi=(96)
cfn=(390) __printf_chk
calls=1 -82 
* 205037
* 4
fe=(95)
-73 10
cob=(3)
cfi=(76)
cfn=(310)
calls=1 3366 
* 268
cob=(3)
cfi=(94)
cfn=(380)
calls=1 180 
* 38
* 11

fn=(520) compare_keys
206 260
cob=(3)
cfi=(94)
cfn=(381)
calls=26 -26 
* 1916
* 104
+50 130
+6 75
-1 25
+1 25
cfn=(521) compare_keys'2
calls=25 -56 
* 70979
* 52
-9 159
+16 1
+1 5
fi=(93)
62 208
cob=(3)
cfi=(124) /build/glibc-RIFKjK/glibc-2.31/string/../sysdeps/aarch64/strcmp.S
cfn=(526) strcmp
calls=1 -8 
* 27
cob=(3)
cfi=(94)
cfn=(381)
calls=26 180 
* 2684
* 116
fe=(95)

fn=(521)
206 3250
cob=(3)
cfi=(94)
cfn=(381)
calls=325 -26 
* 24050
* 1300
+50 1049
+6 900
-1 300
+1 300
cfn=(521)
calls=300 -56 
* 561543
* 650
-9 1161
+16 25
+1 125
fi=(93)
62 2600
cob=(3)
cfi=(94)
cfn=(381)
calls=325 180 
* 33969
* 1300
fe=(95)

fn=(600)
fi=(93)
108 2
cfi=(95)
cfn=(604)
calls=1 -57 
* 3842
fe=(95)
272 10
cfn=(601) ioopm_hash_table_apply_to_all'2
calls=1 +7 
* 5459
cob=(3)
cfi=(94)
cfn=(380)
calls=1 -92 
* 38
* 10

fn=(601)
276 51
+3 48
+5 14
+1 14
-1 14
+1 28
cfi=(93)
cfn=(602) free_elem_t_pointer
calls=14 66 
* 2690
-1 4
+1 4
-1 4
+1 8
cfi=(93)
cfn=(602)
calls=4 66 
* 768
-2 18
+1 9
+1 9
-1 9
+1 18
cfi=(93)
cfn=(602)
calls=9 66 
* 1730
-2 14
cfn=(601)
calls=5 -7 
* 15514
* 1
+7 4

fn=(606)
175 12
cob=(3)
cfi=(94)
cfn=(380)
calls=1 +5 
* 3661
* 4
53 1
+1 2
-1 1

fn=(607) ioopm_hash_table_clear'2
159 15
+3 12
+5 12
47 6
cfn=(607)
calls=5 159 
* 10346
cob=(3)
cfi=(76)
cfn=(530)
calls=27 3087 
* 3159
* 398

fl=(93)
fn=(432) process_file
78 2
+4 2
cfi=(95)
cfn=(556)
calls=1 +55 
* 82918
-49 11
cob=(3)
cfi=(109) /build/glibc-RIFKjK/glibc-2.31/libio/iofopen.c
cfn=(436) fopen@@GLIBC_2.17
calls=1 +53 
* 119849
cob=(3)
cfi=(94)
cfn=(380)
calls=1 180 
* 38
* 20

fn=(516)
fi=(95)
86 54
+2 27
-1 108
-16 54
+17 27
-17 81
-15 26
cfn=(514)
calls=13 +5 
* 5908
+5 14
+30 14
-13 42
cob=(3)
cfi=(76)
cfn=(310)
calls=14 3366 
* 3220
* 56
+24 54
+2 27
-1 108
-32 54
+33 27
-33 81
-15 54
cfn=(587)
calls=27 +5 
* 9172
fe=(93)
-4 378
cob=(3)
cfi=(94)
cfn=(381)
calls=26 180 
* 2086
cob=(3)
cfi=(94)
cfn=(380)
calls=28 180 
* 2249
* 216

fn=(522)
fi=(95)
65 52
-4 24
cfi=(93)
cfn=(523) string_eq'2
calls=6 +1 
* 2754
* 26
+17 21
cob=(3)
cfi=(76)
cfn=(310)
calls=7 3366 
* 1610
* 28
-13 52
-4 52
cfi=(93)
cfn=(523)
calls=13 +1 
* 4345
* 68
+46 70
cfi=(93)
cfn=(523)
calls=14 -45 
* 1646
fe=(93)
-45 320
cob=(3)
cfi=(94)
cfn=(380)
calls=27 180 
* 2507
cob=(3)
cfi=(94)
cfn=(381)
calls=13 180 
* 1185
* 160

fn=(523)
fi=(95)
65 48
-4 24
cfi=(93)
cfn=(523)
calls=6 +1 
* 2528
* 24
+17 18
cob=(3)
cfi=(76)
cfn=(310)
calls=6 3366 
* 1380
* 24
-13 48
-4 48
cfi=(93)
cfn=(523)
calls=12 +1 
* 3846
* 63
+46 65
cfi=(93)
cfn=(523)
calls=13 -45 
* 1514
* 54
+1 108
+4 135
fe=(93)
-50 512
cob=(3)
cfi=(94)
cfn=(380)
calls=52 180 
* 4846
cob=(3)
cfi=(94)
cfn=(381)
calls=12 180 
* 1092
* 256

fn=(376) main
71 14
cfi=(95)
cfn=(384)
calls=1 -37 
* 205380
cob=(3)
cfi=(94)
cfn=(380)
calls=1 180 
* 48
* 14
fi=(73) /build/glibc-RIFKjK/glibc-2.31/csu/../csu/libc-start.c
342 1
cob=(3)
cfi=(133)
cfn=(608) exit
calls=1 138 
* 5665
fe=(93)

fn=(377)
87 2
cfi=(128)
cfn=(570)
calls=1 -72 
* 60344

fn=(504) process_word
fi=(95)
85 11
cfi=(93)
cfn=(516)
calls=1 -33 
* 342
cob=(3)
cfi=(94)
cfn=(380)
calls=1 +95 
* 71
* 9
fe=(93)
-65 9
cob=(3)
cfi=(94)
cfn=(380)
calls=1 180 
* 405
* 4
+24 3
cob=(3)
cfi=(118) /build/glibc-RIFKjK/glibc-2.31/string/strtok.c
cfn=(497) strtok'2
calls=1 -10 
* 116070
* 4

fn=(505) process_word'2
fi=(95)
85 286
cob=(3)
cfi=(94)
cfn=(380)
calls=26 +95 
* 13597
* 104
fe=(93)
-65 234
cob=(3)
cfi=(94)
cfn=(380)
calls=26 180 
* 89686
* 104
+24 78
cob=(3)
cfi=(118)
cfn=(497)
calls=26 -10 
* 1796302
* 104

fn=(584) cmpstringp
12 776
cob=(3)
cfi=(94)
cfn=(380)
calls=97 180 
* 3686
* 873
-12 388
fi=(19)
cob=(3)
cfi=(124)
cfn=(526)
calls=97 54 
0 2231
fe=(93)

fn=(602)
66 189
cob=(3)
cfi=(94)
cfn=(380)
calls=27 180 
* 1624
* 108
-66 108
fi=(19)
cob=(3)
cfi=(76)
cfn=(530)
calls=27 3087 
0 3159
fe=(93)

fl=(72)
fn=(302) __gmon_start__
0 12
cob=(3)
cfi=(75) /build/glibc-RIFKjK/glibc-2.31/gmon/gmon.c
cfn=(306) monstartup
calls=1 123 
0 62026
0 8
0 4
cob=(3)
cfi=(74) /build/glibc-RIFKjK/glibc-2.31/stdlib/cxa_atexit.c
cfn=(287) __cxa_atexit'2
calls=1 70 
0 99
0 4

fn=(654) 0x0000000000000e58
0 7
cfn=(658) 0x0000000000000efc
calls=1 0 
0 5

fn=(280)
0 13
cob=(3)
cfi=(73)
cfn=(284) (below main)
calls=1 137 
0 273522
0 4

fn=(640)
0 12
cfn=(654)
calls=1 0 
0 12
cob=(3)
cfi=(143)
cfn=(648)
calls=1 30 
0 123
0 5
fi=(142)
111 1
+2 2
+6 1
-3 2
+3 1
+4 3
+12 1
-1 1
+2 1
-2 1
+2 1
+1 1
-3 1
+3 3
+1 2
cob=(4)
cfi=(61)
cfn=(662)
calls=1 0 
* 805
-1 3
+5 2
+1 4
cob=(2)
cfi=(19)
cfn=(660) 0x000000000010a468
calls=1 0 
* 4
+6 6
+19 2
-59 1
+59 2
-59 1
fe=(72)

fn=(300) call_weak_fn
0 4
cfn=(302)
calls=1 0 
0 62153

fn=(366) 0x0000000000000e88
0 11

fn=(296) __libc_csu_init
0 14
cob=(2)
cfi=(19)
cfn=(298) 0x0000000000108a38
calls=1 0 
0 62162
0 10
cfn=(364) 0x0000000000000f10
calls=1 0 
0 12
0 7

fn=(364)
0 1
cfn=(366)
calls=1 0 
0 11

fn=(658)
0 5

fl=(127)
fn=(564)
fi=(95)
159 3
+3 3
-9 2
+14 1
-14 1
cfi=(127)
cfn=(565)
calls=1 38 
* 8132
+13 1
fe=(127)
38 8
cob=(3)
cfi=(94)
cfn=(380)
calls=1 180 
* 293
* 4

fn=(565)
fi=(95)
159 33
+3 27
-9 14
+14 7
-14 7
cfi=(127)
cfn=(565)
calls=7 38 
* 33667
* 8
+14 4
-14 4
cfi=(127)
cfn=(565)
calls=4 38 
* 8410
+13 17
-13 18
+14 9
-14 9
cfi=(127)
cfn=(565)
calls=9 38 
* 35239
+13 14
cfn=(559)
calls=5 -7 
* 24061
+23 5
fe=(127)
38 208
cob=(3)
cfi=(94)
cfn=(380)
calls=26 180 
* 7594
* 104

fn=(596)
32 7
cob=(3)
cfi=(76)
cfn=(530)
calls=1 3087 
* 3313
cob=(3)
cfi=(94)
cfn=(380)
calls=1 180 
* 38
* 14
-32 4
fi=(19)
cob=(3)
cfi=(76)
cfn=(530)
calls=1 3087 
0 117
fe=(127)

fn=(560)
fi=(95)
183 1
+1 5
cfn=(559)
calls=1 -22 
* 8455
fe=(127)
19 7
cob=(3)
cfi=(94)
cfn=(380)
calls=1 180 
* 674
* 4

ob=(2)
fl=(19)
fn=(680)
0 4

fn=(236)
0 3
cob=(4)
cfi=(61)
cfn=(238)
calls=1 0 
0 4
0 2

fn=(660)
0 4

fn=(298)
0 3
cob=(5)
cfi=(72)
cfn=(300)
calls=1 0 
0 62157
0 2

ob=(3)
fl=(91) /build/glibc-RIFKjK/glibc-2.31/setjmp/../sysdeps/aarch64/setjmp.S
fn=(370) _setjmp
30 1
+1 1
cfn=(372) __sigsetjmp
calls=1 +8 
* 32

fn=(372)
39 1
+1 1
+1 1
+1 1
+1 1
+3 4
+1 1
+7 1
+1 1
+1 1
+1 1
+1 1
+2 1
+1 4
+1 1
+10 1
cfi=(92) /build/glibc-RIFKjK/glibc-2.31/setjmp/sigjmp.c
cfn=(374) __sigjmp_save
calls=1 -44 
* 10

fl=(122)
fn=(510)
40 108
+1 27
cfi=(123) /build/glibc-RIFKjK/glibc-2.31/string/../sysdeps/aarch64/multiarch/../strlen.S
cfn=(512) __GI_strlen
calls=27 +53 
* 540
* 27
+1 54
cfi=(76)
cfn=(328)
calls=27 3023 
* 5572
* 108
fi=(108) /build/glibc-RIFKjK/glibc-2.31/string/../sysdeps/aarch64/multiarch/../memcpy.S
+49 27
+1 27
+1 27
+1 27
+1 27
+21 27
+1 27
+9 27
+1 10
+1 10
+1 10
+1 10
+1 10
+4 17
+1 14
+1 14
+1 14
+1 14
+1 14
+5 3
+1 3
+1 3
+1 3
+1 3
+1 3
+1 3
+1 3
+1 3
fe=(122)

fl=(108)
fn=(430) __GI_memcpy
91 125
+1 125
+1 125
+1 125
+1 125
+1 2
+1 2
+3 1
+1 1
+1 1
+1 1
+1 1
+1 1
+11 123
+1 123
+1 2
+1 2
+1 2
+1 2
+1 2
+4 121
+1 20
+1 20
+1 20
+1 20
+1 20
+4 101
+1 13
+1 13
+1 13
+1 13
+1 13
+5 88
+1 88
+1 88
+1 88
+1 88
+1 88
+1 88
+1 88
+1 88
+6 1
+1 1
+1 1
+1 1
+1 1
+1 1
+1 1
+1 1
+1 1
+1 1
+1 1
+1 1
+1 1
+9 1
+1 1
+1 1
+1 1
+1 1
+1 1
+1 1
+1 1
+1 1
+1 1
+1 1
+1 1
+2 1
+1 1
+1 1
+1 1
+1 1
+1 1
+1 1
+1 1
+1 1
+1 1
+6 1
+1 1
+1 1
+1 1
+1 1
+1 1
+1 1
+1 1
+1 1
+1 1
+1 1
+1 1
+1 1

fl=(59)
fn=(214)
36 11

fl=(90) /build/glibc-RIFKjK/glibc-2.31/time/../sysdeps/unix/syscall-template.S
fn=(356) setitimer
78 8
+1 2

fl=(97) /build/glibc-RIFKjK/glibc-2.31/stdio-common/vfprintf-internal.c
fn=(392) __vfprintf_internal
1289 140
+31 56
-31 28
+31 28
-31 84
+39 28
-39 112
+31 28
-31 28
+31 168
-31 168
+31 56
-31 28
+39 30
+4 84
+11 56
+11 28
fi=(147) /build/glibc-RIFKjK/glibc-2.31/stdio-common/printf-parse.h
111 28
fe=(97)
1354 112
fi=(147)
111 28
fe=(97)
1354 28
fi=(147)
111 28
cfi=(98) /build/glibc-RIFKjK/glibc-2.31/string/../sysdeps/aarch64/strchrnul.S
cfn=(394) strchrnul
calls=28 -45 
* 838
fe=(97)
1369 28
-4 28
fi=(147)
111 28
fe=(97)
1369 28
-41 54
+41 196
+1 252
cfi=(68)
cfn=(290)
calls=28 0 
* 308
* 196
cfi=(99) /build/glibc-RIFKjK/glibc-2.31/stdio-common/../libio/libioP.h
cfn=(396) __vfprintf_internal
calls=28 941 
* 28126
fi=(96)
37 224
fe=(97)

fn=(393) __vfprintf_internal'2
1741 196
+1 56
+3 448
-4 84
cfi=(68)
cfn=(294)
calls=28 0 
* 252
* 56
-36 165
+2 110
+8 55
fi=(147)
111 55
fe=(97)
1715 110
fi=(147)
111 110
cfi=(98)
cfn=(394)
calls=55 -45 
* 1650
fe=(97)
1715 55
+4 110
fi=(99)
944 55
-1 55
+1 110
fe=(97)
1719 275
cfi=(100) /build/glibc-RIFKjK/glibc-2.31/libio/fileops.c
cfn=(399) _IO_file_xsputn@@GLIBC_2.17'2
calls=55 1198 
* 25524
-32 336
cfi=(106) /build/glibc-RIFKjK/glibc-2.31/stdio-common/_itoa.c
cfn=(426) _itoa_word
calls=28 168 
* 616
* 980
fi=(99)
944 28
-1 28
+1 56
fe=(97)
1687 168
cfi=(100)
cfn=(399)
calls=28 1198 
* 11565
+1 297
fi=(99)
944 27
-1 27
+1 54
fe=(97)
1688 189
cfi=(100)
cfn=(398) _IO_file_xsputn@@GLIBC_2.17
calls=27 1198 
* 22021
-1 476
cfn=(393)
calls=28 * 
* 12573
* 56
cfn=(393)
calls=28 * 
* 14309
* 140
+1 54
cfi=(123)
cfn=(512)
calls=27 94 
* 540
* 108
cfn=(393)
calls=27 * 
* 22426
-1 56
cfn=(393)
calls=28 * 
* 12125

fl=(112) /build/glibc-RIFKjK/glibc-2.31/string/../sysdeps/aarch64/strchr.S
fn=(456) index
66 1
+1 1
+1 1
+1 1
+1 1
+1 1
+1 1
+1 1
+6 1
+1 1
+1 1
+1 1
+1 1
+1 1
+1 1
+1 1
+1 1
+1 1
+1 1
+1 1
+1 1
+1 1
+1 1
+1 1
+1 1
+2 1
+1 1
+1 1
+29 1
+1 1
+1 1
+3 1
+1 1
+1 1
+1 1

fl=(106)
fn=(426)
168 140
-3 56
+3 28
+2 56
+9 308
+9 28

fl=(140) /build/glibc-RIFKjK/glibc-2.31/string/../sysdeps/aarch64/strnlen.S
fn=(632) strnlen
61 1
+1 1
+1 1
+1 1
+1 1
181 1
+1 1
+1 1
+2 1
+1 1
+1 1
+2 1
+1 1
+1 1
+7 1
+2 1
+2 1
+1 1
+2 1
+1 1
+1 1
cfn=(633) strnlen'2
calls=1 82 
* 21

fn=(633)
82 1
+1 1
+1 1
+1 1
+1 1
+1 1
+1 1
+1 1
+1 1
+1 1
+3 1
+1 1
+6 1
+1 1
+17 1
+1 1
+1 1
+1 1
+1 1
+1 1
+1 1

fl=(94)
fn=(380)
fi=(95)
86 52
+1 52
-1 26
cob=(5)
cfi=(93)
cfn=(516)
calls=26 -34 
* 11751
+73 1
cob=(5)
cfn=(607)
calls=1 +3 
* 3602
fi=(127)
20 3
cfi=(76)
cfn=(310)
calls=1 3366 
* 609
* 4
-12 81
cfi=(76)
cfn=(310)
calls=27 3366 
* 6182
* 108
fi=(93)
+45 28
+1 56
+2 28
+2 56
-2 140
+2 280
+2 84
+3 237
cfi=(124)
cfn=(526)
calls=79 -9 
* 1977
* 711
+5 27
+1 54
-1 27
-45 81
cob=(5)
cfi=(95)
cfn=(506)
calls=27 212 
* 88236
fe=(94)
180 2165
72 433
180 433
72 866
180 433
72 866
180 433
72 866
cfi=(68)
cfn=(382) __aarch64_cas8_acq
calls=433 -72 
* 4778
* 433
+9 433
+1 433
-1 433
+1 866
+11 217
+4 217
-4 217
+4 217
+1 434
+1 217
+16 618
+1 771
cfn=(381)
calls=153 +4 
* 1530
+36 52
+1 156
-23 53
+22 53
-22 53
+8 1
-1 1
+1 1
-1 2
+1 2
+3 1
+2 1
-2 2
+1 1
+1 1
+1 2
+1 1
+1 1
+23 1
+11 5
-11 216
+11 1080
-77 11
+1 11
-1 22
+1 22
+5 11
-1 11
+1 22
+1 11
+59 11
-57 11
+58 11
cfn=(381)
calls=11 +10 
* 55
-9 52
-2 104
+2 52
+1 104
+1 52
+6 52
+1 52
cfn=(381)
calls=52 +10 
* 260

fn=(381)
fi=(95)
209 702
+1 351
-1 351
+1 351
-1 351
+1 351
-1 351
+47 56
+6 78
-1 26
+1 26
cob=(5)
cfn=(520)
calls=26 -56 
* 76766
-9 6
-3 184
cob=(5)
cfn=(518)
calls=26 -1 
* 78962
+1 1
-37 3
fi=(93)
53 26
+1 52
+2 26
+2 52
-2 132
+2 264
+2 78
+3 1125
cfi=(124)
cfn=(526)
calls=375 -9 
* 9857
* 3375
fe=(94)
180 4030
72 806
180 806
72 1612
180 806
72 1612
180 806
72 1612
cfi=(68)
cfn=(382)
calls=806 -72 
* 8866
* 806
+9 806
+1 806
-1 806
+1 1612
+11 806
+4 806
-4 806
+4 806
+1 1612
+1 806
+16 2406
+1 2507
cfn=(381)
calls=101 +4 
* 1010
+36 700
+1 2100
-23 701
+22 701
-22 701
+8 1
-1 1
+1 1
-1 2
+1 2
+3 1
+2 1
-2 2
+1 1
+1 1
+1 2
+1 1
+1 1
+23 1
+11 5110
-77 4
+1 4
-1 8
+1 8
+5 4
-1 4
+1 8
+1 4
+59 4
-57 4
+58 4
cfn=(381)
calls=4 +10 
* 20
-9 700
-2 1400
+2 700
+1 1400
+1 700
+6 700
+1 700
cfn=(381)
calls=700 +10 
* 3500
-50 254
+49 254
-49 508
+50 254
cfn=(381)
calls=254 +10 
* 1270

fl=(88) /build/glibc-RIFKjK/glibc-2.31/signal/../sysdeps/unix/sysv/linux/sigaction.c
fn=(352) __libc_sigaction
43 16
+5 2
+2 2
+2 2
-1 6
-1 2
+2 4
-1 28
+2 2
+5 20
+4 6
+2 1
+1 1
-1 2
+1 16
+1 2
+1 2
+3 16

fl=(137) /build/glibc-RIFKjK/glibc-2.31/io/../sysdeps/unix/sysv/linux/write_nocancel.c
fn=(624) __write_nocancel
26 5
+1 1

fl=(139) /build/glibc-RIFKjK/glibc-2.31/string/strncpy.c
fn=(630) strncpy
28 7
+1 3
cfi=(140)
cfn=(632)
calls=1 +32 
* 42
* 1
+1 2
+1 4
cfi=(84) /build/glibc-RIFKjK/glibc-2.31/string/../sysdeps/aarch64/memset.S
cfn=(342) __GI_memset
calls=1 +6 
* 11
+1 3
+1 3
-1 1
cfi=(108)
cfn=(430)
calls=1 +59 
* 14

fl=(107) /build/glibc-RIFKjK/glibc-2.31/string/mempcpy.c
fn=(428) mempcpy
34 440
+1 110
cfi=(108)
cfn=(430)
calls=110 +56 
* 1882
+1 440

fl=(100)
fn=(414) _IO_do_write@@GLIBC_2.17
426 29
-2 116
+2 29
cfn=(418) new_do_write
calls=29 +6 
* 2843
* 58
+1 87

fn=(552) _IO_file_finish@@GLIBC_2.17
169 2
+1 1
-1 2
+1 2
+6 2
+1 2
-1 1
cfi=(101)
cfn=(554) _IO_default_finish
calls=1 601 
* 15

fn=(472) _IO_file_read
1134 8
cfi=(115) /build/glibc-RIFKjK/glibc-2.31/io/../sysdeps/unix/sysv/linux/read.c
cfn=(474) read
calls=2 25 
* 40

fn=(450) _IO_file_open
183 7
+2 1
-2 2
+2 1
+4 1
cfi=(110) /build/glibc-RIFKjK/glibc-2.31/io/../sysdeps/unix/sysv/linux/open64.c
cfn=(452) open
calls=1 37 
* 39
* 1
+1 1
+3 5
-1 1
+1 2
+3 3
+10 2
cfi=(101)
cfn=(446) _IO_link_in
calls=1 87 
* 22
+1 1
+1 4

fn=(544) _IO_file_close
1168 2
cfi=(126) /build/glibc-RIFKjK/glibc-2.31/io/../sysdeps/unix/sysv/linux/close_nocancel.c
cfn=(546) __close_nocancel
calls=1 26 
* 6

fn=(692) _IO_file_sync@@GLIBC_2.17
793 2
+5 1
-5 2
+5 2
+2 1
+1 2
+11 3
+4 3

fn=(398)
fi=(97)
1373 5
+4 3
+4 10
+42 3
1682 2
1420 1
-96 1
+96 1
-70 2
+8 1
+65 9
1623 2
1423 2
-12 1
-1 1
-1 1
-2 1
+16 1
-7 2
-10 1
+14 1
-8 2
1623 1
1420 3
-12 1
+7 1
-13 1
+1 1
+2 1
-1 1
+15 2
1688 270
cfn=(393)
calls=27 +17 
* 19198
-1 15
cfn=(393)
calls=1 * 
* 518
fe=(100)
1198 165
+7 55
-1 83
+7 280
+17 3
+40 108
-55 27
+4 27
-4 27
+1 54
+18 1
+12 1
fi=(104) /build/glibc-RIFKjK/glibc-2.31/libio/libioP.h
941 5
+2 1
+1 2
fe=(100)
1244 4
cfn=(400) _IO_file_overflow@@GLIBC_2.17
calls=1 732 
* 905
* 2
+6 3
+1 5
+2 1
+11 1
-45 489
-2 434
cfn=(399)
calls=27 +17 
* 1063
+48 4
cfi=(101)
cfn=(416) _IO_default_xsputn
calls=1 374 
* 459

fn=(399)
fi=(97)
1423 243
1623 54
1423 54
-12 27
-1 27
-1 27
-2 27
+16 27
-7 54
-10 27
+14 27
-8 54
1623 27
1420 81
-12 27
+7 27
-13 27
+1 27
+2 27
-1 27
+15 54
1719 440
+2 55
-2 55
+2 83
cfn=(393)
calls=28 +20 
* 1092
-34 280
cfn=(393)
calls=28 +18 
* 9241
* 405
cfn=(393)
calls=27 * 
* 13987
fe=(100)
1198 249
+7 83
-1 166
+7 830
+23 110
+2 220
+1 110
+1 110
-2 110
cfi=(107)
cfn=(428)
calls=110 34 
* 2872
* 110
+4 466
+28 332
-55 83
+4 83
-4 83
+1 166
+30 28
fi=(104)
941 140
+2 28
+1 56
fe=(100)
1244 112
cfn=(400)
calls=28 732 
* 3585
* 56
+6 84
+1 140
+2 28
+11 28
+4 168
-49 330
-2 440
cfn=(399)
calls=55 +17 
* 2365
+4 28
+11 56
+26 56
cfn=(399)
calls=28 -24 
* 5461

fn=(406) _IO_file_stat
1147 2
+1 8
cfi=(103) /build/glibc-RIFKjK/glibc-2.31/io/../sysdeps/unix/sysv/linux/wordsize-64/fxstat.c
cfn=(408) _fxstat
calls=2 33 
* 18

fn=(400)
426 2
+1 1
732 144
+1 72
+7 178
+35 70
+3 21
+3 21
+1 14
+1 21
+4 7
+1 21
-45 1
+33 56
+12 28
-12 28
+12 28
-12 28
cfn=(414)
calls=28 426 
* 3053
+9 1
-1 3
cfn=(414)
calls=1 426 
* 109
* 2
-39 2
cfi=(101)
cfn=(402) _IO_doallocbuf
calls=1 343 
* 890

fn=(401) _IO_file_overflow@@GLIBC_2.17'2
755 1
+9 4
+7 2
-2 1
-2 1
+1 1
+4 6
+1 1
+2 2
+1 2
+12 1
-12 1
+12 1
-12 1

fn=(688) _IO_file_setbuf@@GLIBC_2.17
382 4
+1 1
cfi=(101)
cfn=(690) _IO_default_setbuf
calls=1 +69 
* 69
fi=(101)
838 4
-48 4
+9 3
+2 2
+25 3
+4 4
+1 7
cfi=(68)
cfn=(294)
calls=1 0 
* 9
* 7
+11 3
+1 1
+35 12
-36 5
cfi=(68)
cfn=(294)
calls=1 0 
* 9
* 2
fe=(100)

fn=(418)
432 58
+2 29
-2 377
+2 29
fi=(104)
944 58
fe=(100)
449 145
cfn=(422) _IO_file_write@@GLIBC_2.17
calls=29 1174 
* 1364
* 29
+1 116
+2 58
+4 29
-3 29
+3 29
-3 29
+3 29
-2 29
+4 174
-3 116
-14 116

fn=(422)
1174 29
+2 29
-2 87
+2 145
+5 145
cfi=(105) /build/glibc-RIFKjK/glibc-2.31/io/../sysdeps/unix/sysv/linux/write.c
cfn=(424) write
calls=29 25 
* 581
+1 29
+5 29
+1 29
-12 116
+15 58
+3 87

fn=(466) _IO_file_underflow@@GLIBC_2.17
fi=(114) /build/glibc-RIFKjK/glibc-2.31/libio/iogetdelim.c
73 2
+5 3
cfn=(463) getdelim'2
calls=1 -37 
* 1128
fe=(100)
462 8
+4 4
+3 2
+6 6
+3 10
+12 3
fi=(104)
885 6
fe=(100)
506 2
cfi=(101)
cfn=(470) _IO_switch_to_get_mode
calls=1 164 
* 24
+11 1
-5 1
+1 1
fi=(104)
943 1
fe=(100)
514 1
fi=(104)
944 1
fe=(100)
515 1
fi=(104)
944 1
fe=(100)
517 5
cfn=(472)
calls=1 1134 
* 24
+2 2
+2 1
+11 1
+1 4
-1 1
-10 4
+16 3
-57 2
+5 2
cfi=(101)
cfn=(402)
calls=1 343 
* 396

fn=(540) _IO_file_close_it@@GLIBC_2.17
fi=(125) /build/glibc-RIFKjK/glibc-2.31/libio/iofclose.c
53 4
cfi=(104)
cfn=(550) fclose@@GLIBC_2.17
calls=1 884 
* 178
fe=(100)
+76 3
+2 3
+4 5
+3 1
-4 2
+6 2
cfi=(101)
cfn=(542) _IO_unsave_markers
calls=1 962 
* 5
+2 1
+1 3
fi=(104)
941 5
+2 1
+1 2
fe=(100)
143 3
cfn=(544)
calls=1 1168 
* 8
* 1
+3 3
+8 5
cfi=(101)
cfn=(412) _IO_setb
calls=1 329 
* 720

fn=(444) _IO_new_file_init_internal
fi=(109)
75 5
cfi=(100)
cfn=(448) _IO_file_fopen@@GLIBC_2.17
calls=1 214 
* 224
fe=(100)
+32 1
+5 1
-5 1
+5 1
-5 2
+5 1
-1 1
+1 1
-1 1
+3 1
cfi=(101)
cfn=(446)
calls=1 -27 
* 141

fn=(448)
fi=(109)
75 1
-38 2
+44 6
fe=(100)
214 7
+9 1
-9 3
+9 2
+2 4
+4 1
-1 1
-13 2
cfn=(449) _IO_file_fopen@@GLIBC_2.17'2
calls=1 +10 
* 194

fn=(449)
357 11
225 1
+13 1
+10 8
+39 4
cfi=(111) /build/glibc-RIFKjK/glibc-2.31/string/strstr.c
cfn=(454) strstr
calls=1 77 
* 68
+1 1
-40 1
+33 4
cfn=(450)
calls=1 -98 
* 93
* 1
+3 1

fl=(118)
fn=(496) strtok
34 3
cfi=(119) /build/glibc-RIFKjK/glibc-2.31/string/strtok_r.c
cfn=(498) strtok_r
calls=1 +9 
* 117307

fn=(497)
34 81
cfi=(119)
cfn=(499) strtok_r'2
calls=27 +9 
* 1912291

fl=(120) /build/glibc-RIFKjK/glibc-2.31/string/strspn.c
fn=(500) strspn
31 140
+2 28
-1 28
-1 84
+1 28
+2 84
+9 56
+10 28
-10 84
+1 28
+1 28
+1 28
-2 84
+1 84
+1 84
+2 28
cfn=(501) strspn'2
calls=28 +5 
* 3668
fi=(119)
+8 28
+1 56
+7 81
cfi=(121) /build/glibc-RIFKjK/glibc-2.31/string/strcspn.c
cfn=(502) strcspn
calls=27 -32 
* 5224
-5 1
+1 1
+15 5
fe=(120)

fn=(501)
54 1064
-1 1596
+1 532
-1 84
+1 28
+3 112
+1 28
+17 224

fl=(63)
fn=(254)
52 1
+3 1
-3 1
+3 1
-3 3
+3 1
+14 1
-1 1
-1 1
+10 1
-8 1
-2 1
+1 1
+9 1
-8 1
+8 1
cfi=(64) /build/glibc-RIFKjK/glibc-2.31/misc/init-misc.c
cfn=(256) __init_misc
calls=1 -46 
* 65
+8 2
-5 1
cfi=(66) /build/glibc-RIFKjK/glibc-2.31/ctype/ctype-info.c
cfn=(260) __ctype_init
calls=1 -49 
* 20
-18 2
-7 1
+7 1
-7 1
+7 5

fl=(126)
fn=(546)
26 10
+1 2

fl=(73)
fn=(284)
137 1
+4 1
-4 1
+4 1
-4 10
+4 3
+96 1
+1 3
cfi=(74)
cfn=(286) __cxa_atexit
calls=1 70 
* 273501

fl=(76)
fn=(310)
fi=(95)
38 1
+1 5
+5 4
+36 27
+17 27
-16 27
+15 27
+1 54
+2 135
fi=(127)
-79 1
-12 2
+13 1
-13 1
cfi=(76)
cfn=(311) calloc'2
calls=1 3366 
* 226
* 4
+2 27
+5 27
+25 54
+5 52
+1 26
+1 78
-2 1
+1 1
+1 3
fe=(76)
3366 57
+10 57
-10 114
+10 285
+8 171
+1 57
+9 448
+2 168
+10 112
+1 56
-1 56
+1 112
+21 168
cfn=(332) _int_malloc
calls=56 +85 
* 10610
-41 4
cfi=(77) /build/glibc-RIFKjK/glibc-2.31/malloc/hooks.c
cfn=(312) malloc_hook_ini
calls=1 29 
* 60541
fi=(84)
37 1
+1 1
+2 1
+1 1
+43 1
+1 1
+1 1
+1 1
+1 1
+1 1
+2 1
+1 1
+1 1
+1 1
+1 1
+2 1
+1 1
-4 154
+1 154
+2 154
+1 154
+1 1
+1 1
+1 2
+7 1
+1 1
fe=(76)

fn=(311)
fi=(127)
8 1
+17 1
-2 1
-13 1
+15 3
fe=(76)
3366 1
+10 1
-10 2
+10 5
+8 3
+1 1
+9 8
+2 3
+10 2
+1 1
-1 1
+1 2
+21 3
cfn=(332)
calls=1 +85 
* 186
+77 4

fn=(486) _int_free
fi=(93)
109 15
fi=(127)
+28 2
28 1
cfi=(76)
cfn=(531)
calls=1 3087 
* 3214
* 4
136 1
fi=(93)
-98 1
+1 4
cfi=(113) /build/glibc-RIFKjK/glibc-2.31/stdio-common/getline.c
cfn=(461) getline'2
calls=1 -12 
* 1554
* 4
fi=(133)
+75 3
-44 2
+2 2
+1 1
+3 3
cfi=(68)
cfn=(294)
calls=1 -76 
* 9
* 2
+1 6
+29 1
-3 1
+5 2
-2 3
+2 1
cob=(1)
cfi=(142)
cfn=(636)
calls=1 -78 
* 1909
+4 5
cfi=(68)
cfn=(290)
calls=1 0 
* 11
* 1
fe=(76)
4155 427
+10 61
-10 183
+10 122
-10 122
+16 183
+1 122
+4 183
+8 549
-1 61
+1 61
-1 61
+1 122
+9 60
-6 60
+6 120
+13 360
1635 57
4220 171
+11 224
+2 224
1875 168
4254 168
+7 56
-6 56
+4 56
+2 112
-2 56
+2 56
+4 112
+2 56
+1 56
+18 224
4428 672
4295 2
+3 3
+3 2
-3 2
+3 2
+7 1
-4 1
+4 2
+3 2
+5 2
+4 1
-1 1
+1 1
+1 3
1875 3
4327 2
+9 3
+2 2
+3 1
+4 3
+9 1
-1 1
+2 3
+3 1
+1 2
2924 4
+4 4
-2 4
-2 4
+3 4
+1 4
4209 4
cfn=(487) _int_free'2
calls=4 4428 
* 48
4362 2
cfn=(487)
calls=1 +2 
* 22
-49 3
-2 2
4620 1
cfn=(485) _int_realloc'2
calls=1 +29 
* 7

fn=(487)
fi=(127)
137 12
28 6
cfi=(76)
cfn=(531)
calls=26 3087 
* 17042
* 187
136 6
fi=(93)
-87 2
cfi=(125)
cfn=(534) fclose@@GLIBC_2.17
calls=1 -15 
* 1153
* 4
fi=(125)
+27 6
fi=(101)
331 2
cfn=(413) _IO_setb'2
calls=1 +4 
* 10
fe=(76)
4155 210
+10 30
-10 90
+10 60
-10 60
+16 90
+1 60
+4 90
+8 270
-1 30
+1 30
-1 30
+1 60
+9 29
-6 29
+6 58
+13 174
1635 22
4220 66
+11 84
+2 84
1875 63
4254 63
+7 21
-6 21
+4 21
+2 42
-2 21
+2 21
+4 42
+2 21
+1 21
+18 84
4428 420
4295 2
+3 3
+3 2
-3 2
+3 2
+7 1
-4 1
+4 2
+3 2
+5 2
+4 1
-1 1
+1 1
+1 3
1875 3
4327 2
+9 3
+2 2
+3 1
+4 3
+9 1
-1 1
+2 3
+3 1
+1 2
+5 2
+3 2
-2 2
+2 2
+1 2
+30 6
+20 4
2924 8
+4 8
-2 8
-2 8
+3 8
+1 8
4209 8
cfn=(487)
calls=8 4428 
* 96
4362 2
cfn=(487)
calls=1 +2 
* 22
-49 3
-2 2

fn=(530)
3087 61
+5 61
-5 61
+5 122
+1 61
+6 183
+5 60
-2 60
+2 60
+18 360
+2 60
+1 60
-1 60
+2 60
-2 60
+1 120
cfn=(486)
calls=60 4155 
* 12229
* 1
+1 2

fn=(531)
3087 30
+5 30
-5 30
+5 60
+1 30
+6 90
+5 30
-2 30
+2 30
+18 180
+2 30
+1 30
-1 30
+2 30
-2 30
+1 60
cfn=(487)
calls=30 4155 
* 21007

fn=(328)
fi=(128)
11 1
-1 1
+3 3
fi=(102) /build/glibc-RIFKjK/glibc-2.31/libio/filedoalloc.c
+91 4
cfi=(101)
cfn=(412)
calls=1 329 
* 21
+1 1
+1 10
-5 1
+1 1
fi=(109)
-35 1
+3 2
+2 8
cfi=(101)
cfn=(440) _IO_no_init
calls=1 563 
* 45
+1 3
+1 2
cfi=(100)
cfn=(444)
calls=1 +33 
* 381
fi=(114)
-12 2
+1 2
+7 4
+1 4
+2 4
cfi=(101)
cfn=(464) __underflow
calls=2 269 
* 1719
* 2
-18 1
+50 2
cfi=(104)
cfn=(488) getdelim
calls=1 884 
* 28
fe=(76)
3023 32
+8 32
-8 32
+8 64
+1 32
+5 64
1208 64
+2 32
3044 96
1210 96
3044 192
+3 128
+9 93
+2 155
cfn=(332)
calls=31 3513 
* 5023
-10 32
+1 64
2936 1
+2 1
3051 1
2936 1
+1 2
+1 1
+1 1
3051 1
cfn=(329) malloc'2
calls=1 +31 
* 5
fi=(122)
44 27
+3 54
+1 54
-1 27
fe=(76)

fn=(329)
fi=(102)
104 4
cfi=(101)
cfn=(412)
calls=1 329 
* 21
+1 1
+1 10
-5 1
+1 1
fe=(76)
3023 1
+8 1
-8 1
+8 2
+1 1
+5 2
1208 2
+2 1
3044 3
1210 3
3044 6
+3 4
+9 3
+2 5
cfn=(332)
calls=1 3513 
* 150
+24 5

fn=(484) _int_realloc
4540 4
+11 1
-11 2
+11 1
-11 1
+11 1
+1 4
+6 2
+2 1
+1 3
+2 4
+3 2
+10 3
+13 2
-1 1
+12 3
cfn=(332)
calls=1 3513 
* 259
3226 1
+1 8
cfn=(481) realloc'2
calls=1 * 
* 9

fn=(485)
4649 7

fn=(334) sysmalloc
2255 1
+20 1
-20 1
+20 1
-20 4
+20 1
+11 2
+1 8
+15 1
fi=(78) /build/glibc-RIFKjK/glibc-2.31/malloc/arena.c
536 1
fe=(76)
2302 2
+77 1
-77 2
+66 1
+1 2
+1 1
+9 2
+6 3
+3 4
+53 1
+8 8
+21 6
cfi=(81) /build/glibc-RIFKjK/glibc-2.31/malloc/morecore.c
cfn=(336) __default_morecore
calls=1 46 
* 173
-10 2
+8 2
1868 4
4147 4
-6 1
+1 1
1868 3

fn=(335) sysmalloc'2
2705 3
+1 1
+5 2
+3 2
+5 1
-2 3
-1 1
+2 1
+4 1
-3 1
+3 1
-4 1
+4 1
-3 1
+1 2
+8 6
2526 1
+6 2
-6 1
+6 1
2660 1
+1 3
+1 1
-2 1
+1 1
+1 2
+11 1
2535 5
+34 1
+6 2
+22 2
+1 5
+2 1
+1 5
cfi=(81)
cfn=(337) __default_morecore'2
calls=1 46 
* 26
* 1
+12 1
+8 3
+1 1
+1 3
cfn=(335)
calls=1 -26 
* 83

fn=(480)
3131 1
+7 1
-7 1
+7 2
+1 1
+1 2
3254 1
3140 2
cfi=(77)
cfn=(482) realloc_hook_ini
calls=1 37 
* 469

fn=(481)
fi=(114)
103 1
+5 1
+1 2
+2 4
cfi=(108)
cfn=(430)
calls=1 -20 
* 42
+1 3
+2 1
+4 2
+1 2
cfi=(104)
cfn=(488)
calls=1 884 
* 28
fe=(76)
3131 1
+7 1
-7 1
+7 2
+1 1
+4 7
+7 1
+6 2
-2 1
+2 2
+3 1
-1 1
+14 3
+1 2
1208 1
+2 5
3183 1
+41 4
+2 5
cfn=(484)
calls=1 4540 
* 312
+1 4
+27 5
-92 6
+1 4
cfn=(481)
calls=1 +9 
* 333

fn=(562) unlink_chunk.isra.0
1451 2
+2 5
+4 1
+2 6
+3 1
+2 1
-1 1
+1 3
+2 3
+1 4
+3 2
+14 1
+1 2
+3 2

fn=(324) malloc_init_state
1795 4
+3 2
-3 2
+3 252
-3 252
+7 4
+4 3
+1 2
+2 1
+1 1

fn=(330) tcache_init.part.0
2972 3
+9 3
-9 1
+9 6
cfi=(68)
cfn=(290)
calls=1 0 
* 11
* 1
+1 3
cfn=(332)
calls=1 3513 
* 388
fi=(84)
37 1
+1 1
+2 1
+1 1
+43 1
+1 1
+1 1
+1 1
+1 1
+1 1
+2 1
+1 1
+1 1
+1 1
+1 1
+2 1
+1 1
-4 8
+1 8
+2 8
+1 8
+1 1
+1 1
+1 2
+7 1
+1 1
fe=(76)

fn=(332)
3513 276
1208 184
+2 736
3553 17
1635 17
3577 51
1210 75
3553 75
1635 150
3577 225
+58 14
+62 72
+1 9
3579 17
-2 51
1210 17
3582 17
+2 17
+24 272
-26 68
+2 424
cfn=(333) _int_malloc'2
calls=89 +54 
* 11140
3718 9
-1 3
-1 3
+2 3
-1 3
+1 12
-2 6
3892 9
-97 3
-73 3
+73 6
-73 9
+6 9
3917 6
+2 12
+3 12
+68 6
+1 3
+3 3
-1 3
-2 3
+2 3
-1 3
+2 3
-3 3
+2 3
+1 3
+5 12
cfn=(333)
calls=3 +4 
* 115
2982 1
+1 1
+8 3
cfi=(68)
cfn=(294)
calls=1 0 
* 9
* 2
+9 1
+1 3
-1 1
+4 3
-3 1
4600 1
+1 1
+3 1
+6 2
+7 3
cfi=(108)
cfn=(430)
calls=1 91 
* 26
+1 4
cfn=(486)
calls=1 4155 
* 74
3058 33
+1 198
+23 165
3428 57
+2 228
+25 112
+50 224
-75 285
+3 114
+20 114
+8 57
+3 57
-14 57
+14 171
+11 57
+2 114
+2 114
+6 56
+2 56
-1 56
+1 56
-7 3
cfi=(84)
cfn=(342)
calls=1 37 
* 43
* 3
cfn=(311)
calls=1 +25 
* 4

fn=(333)
3638 178
+2 267
1868 1
4081 1
1868 366
4147 364
3612 534
+28 356
-3 89
+3 356
+78 267
-1 89
-1 89
+2 89
-1 89
+1 354
-2 176
3892 264
-97 88
-73 88
+73 176
-73 264
+6 264
3892 3
-97 1
-73 1
+73 2
-73 3
+6 3
+73 30
-42 30
3892 60
-91 30
-74 30
+74 30
-73 30
3900 30
-71 30
+63 90
3731 60
+3 30
-2 30
+2 30
+1 90
+2 30
+1 90
+2 120
-10 30
+12 90
+1 90
+2 30
+11 90
+31 1
+5 1
-4 1
+4 1
+29 2
+60 2
+9 2
-9 3
+1 1
+2 1
+1 1
+6 1
-62 7
+1 4
+1 1
+3 2
+66 3
3728 3
3917 120
+73 120
+1 60
+3 60
-1 60
-2 60
+2 60
-1 60
+2 60
-3 60
+2 60
+1 60
+5 240
cfn=(333)
calls=60 +4 
* 3711
+16 3
+1 3
+1 3
-4 8
+8 1
+3 2
-18 720
-3 726
4103 62
+3 62
-2 124
+2 124
+3 186
+17 4
-51 2
+2 1
-2 5
+2 1
+1 2
cfn=(333)
calls=1 1868 
* 12
3757 90
+1 58
+5 29
+1 29
-2 29
+3 29
+2 29
-1 29
+1 29
+3 29
+3 58
1868 29
3773 29
+2 29
-2 29
+6 29
1868 29
3773 87
+2 29
+1 29
1868 29
3878 4
cfn=(333)
calls=1 +3 
* 163
4008 1
+1 1
-1 3
+1 1
cfn=(333)
calls=1 +4 
* 101
+24 2
+3 2
+5 1
-3 1
+3 1
cfn=(562)
calls=1 1451 
* 34
+3 2
+15 1
-5 1
+6 3
+2 1
+6 1
-4 1
+1 1
+3 1
+1 1
+1 2
+3 2
cfn=(333)
calls=1 +2 
* 23
+68 3
cfn=(334)
calls=1 2255 
* 244
-27 183
1868 61
4114 61
-2 61
+1 61
-2 61
+3 61
1868 61
4114 122
+2 122
+3 61
1868 61

fl=(66)
fn=(260)
31 5
+2 2
+2 2
-4 2
+2 1
+2 3
-4 1
+2 1
-2 1
+2 1
+3 1

fl=(98)
fn=(394)
66 83
+1 83
+1 83
+1 83
+1 83
+1 83
+1 83
+6 82
+1 82
+1 82
+1 82
+1 82
+1 82
+1 82
+1 82
+1 82
+1 82
+1 82
+1 82
+1 82
+1 82
+1 82
+2 82
+1 82
+1 82
+3 1
+1 1
+1 1
+1 1
+1 1
+2 1
+1 1
+1 1
+1 1
+1 1
+1 1
+4 1
+1 1
+1 1
+1 1
+2 1
+3 1
+2 1
+1 1
+2 1
+1 1
-6 82
+2 82
+1 82
+2 82
+1 82

fl=(78)
fn=(316) ptmalloc_init.part.0
289 1
+13 1
-13 4
+13 1
-13 4
+5 3
+8 1
+1 6
cfi=(79) /build/glibc-RIFKjK/glibc-2.31/elf/dl-addr.c
cfn=(318) _dl_addr
calls=1 126 
* 59840
fi=(77)
32 1
+1 2
-1 1
fe=(78)

fn=(317) ptmalloc_init.part.0'2
308 5
+5 1
-5 1
+2 1
cfi=(76)
cfn=(324)
calls=1 1795 
* 523
+3 5
cob=(1)
cfi=(10)
cfn=(32)
calls=11 +58 
* 262
cob=(1)
cfi=(69)
cfn=(271)
calls=1 48 
* 722
* 125

fl=(121)
fn=(502)
32 162
+1 27
-1 81
+1 27
+1 54
+5 54
+8 27
-8 81
+1 27
+1 27
+1 27
-2 81
+1 81
+1 81
+2 27
cfn=(503) strcspn'2
calls=27 +3 
* 4063
fi=(119)
+21 27
-1 27
+1 27
+8 27
-1 27
+1 27
+2 135
fe=(121)

fn=(503)
44 540
+3 1620
+1 540
-1 81
+1 27
+3 108
+1 108
+1 104
+1 96
+2 22
+6 22
+2 22
+1 22
-2 22
-1 22
+2 22
+3 154
-5 12
+2 12
+1 12
-2 12
-1 12
+2 12
+3 84
+2 22
+1 110
+1 243

fl=(117) /build/glibc-RIFKjK/glibc-2.31/libio/feof.c
fn=(492) feof
32 4
+3 2
-3 6
+4 2
-1 2
+6 8

fl=(68)
fn=(294)
0 441

fn=(290)
0 549

fn=(382)
0 13644

fn=(264)
fi=(60)
71 2
+3 5
fe=(68)
-74 4
cob=(1)
cfi=(69)
cfn=(270)
calls=1 48 
0 570
0 14

fl=(103)
fn=(408)
33 4
+1 2
+1 10
+4 2

fl=(143)
fn=(648)
30 2
+3 2
-3 6
+3 2
-3 2
+3 4
-3 2
+3 2
-3 4
+3 2
cfi=(68)
cfn=(290)
calls=2 -33 
* 22
* 2
+46 2
-36 2
+36 2
-43 8
+4 12
-4 4
+58 6
+4 12
-4 4
+12 2
+1 4
cfi=(144) /build/glibc-RIFKjK/glibc-2.31/nptl/register-atfork.c
cfn=(650) __unregister_atfork
calls=2 -28 
* 90
+2 10
cfi=(68)
cfn=(294)
calls=2 0 
* 18
* 4
+1 14

fl=(77)
fn=(312)
fi=(76)
3023 1
+8 1
-8 1
+8 2
+1 1
+5 2
1208 2
+2 1
3044 3
1210 3
3044 6
+12 3
+2 5
cfn=(332)
calls=1 3513 
* 150
-80 3
cfn=(330)
calls=1 -6 
* 471
+69 4
fe=(77)
29 1
+1 1
fi=(78)
291 1
fe=(77)
29 1
+1 1
-1 2
fi=(78)
291 1
fe=(77)
30 1
fi=(78)
291 2
cfn=(316)
calls=1 -2 
* 59865
fi=(76)
3388 1
+3 2
3505 2
3391 1
fe=(77)

fn=(482)
37 1
+1 1
+1 1
-2 1
fi=(78)
291 1
fe=(77)
38 1
-1 2
+2 1
-1 1
fi=(78)
291 1
fe=(77)
37 1
+2 1
fi=(78)
291 1
fe=(77)
41 2
+1 2
-1 1
cfi=(76)
cfn=(481)
calls=1 3131 
* 450

fl=(99)
fn=(396)
941 112
fi=(97)
1373 28
fe=(99)
941 84
+2 28
+1 56
fi=(97)
1373 168
cfi=(100)
cfn=(398)
calls=28 1198 
* 2254
* 135
+4 81
+4 270
+42 81
1682 54
1420 27
-96 27
+96 27
-70 54
+8 27
+65 243
1623 54
1423 54
-12 27
-1 27
-1 27
-2 27
+16 27
-7 54
-10 27
+14 27
-8 54
1623 27
1420 81
-12 27
+7 27
-13 27
+1 27
+2 27
-1 27
+15 54
1688 324
cfn=(393)
calls=27 * 
* 23317
fe=(99)

fl=(64)
fn=(256)
31 1
-1 4
+1 2
+2 3
cfi=(65) /build/glibc-RIFKjK/glibc-2.31/string/../sysdeps/aarch64/strrchr.S
cfn=(258) rindex
calls=1 +39 
* 43
+4 2
+1 1
-1 2
+1 4
+2 3

fl=(105)
fn=(424)
25 87
+1 58
-1 58
+1 233
+1 145

fl=(85) /build/glibc-RIFKjK/glibc-2.31/gmon/../sysdeps/posix/profil.c
fn=(346) profil
fi=(75)
114 2
+2 3
fe=(85)
-50 28
+9 2
+13 5
+15 2
+12 2
-11 1
+5 1
+6 1
-6 1
-4 1
+11 1
-10 1
-3 1
+6 1
+6 1
+1 48
+1 4
cfi=(86) /build/glibc-RIFKjK/glibc-2.31/signal/../nptl/sigaction.c
cfn=(348) sigaction
calls=1 -93 
* 84
* 1
+3 1
+1 1
cfi=(89) /build/glibc-RIFKjK/glibc-2.31/gmon/../sysdeps/unix/sysv/linux/prof-freq.c
cfn=(354) __profile_frequency
calls=1 -94 
* 4
* 3
+2 3
-2 3
+1 2
+1 1
cfi=(90)
cfn=(356)
calls=1 -45 
* 5
* 1
+1 11
-44 1
-2 1
+4 4
cfi=(90)
cfn=(356)
calls=1 -4 
* 5
* 1
+3 3
-1 1
+1 1
cfi=(86)
cfn=(348)
calls=1 -61 
* 60
* 1
cfn=(347) profil'2
calls=1 +39 
* 11

fn=(347)
124 11

fn=(590) __profil_counter
42 4
+5 1
-5 1
+7 1
-2 5
+2 2
fi=(131) /build/glibc-RIFKjK/glibc-2.31/gmon/../sysdeps/unix/sysv/linux/profil-counter.h
-17 1
fe=(85)

fl=(96)
fn=(390)
fi=(93)
80 4
cob=(5)
cfn=(432)
calls=1 -47 
* 202840
fe=(96)
-55 1
+8 1
-5 1
-3 1
+8 1
-8 2
+7 3
-7 1
+7 4
-7 3
+8 1
-1 2
-4 1
+5 4
-8 9
+8 2
-8 2
+8 1
cfi=(97)
cfn=(392)
calls=1 1289 
* 2153

fn=(391)
fi=(93)
97 78
cob=(5)
cfi=(95)
cfn=(587)
calls=26 +4 
* 584019
-1 56
fe=(96)
-71 27
+8 27
-5 27
-3 27
+8 27
-8 54
+7 81
-7 27
+7 108
-7 81
+8 27
-1 54
-4 27
+5 108
-8 243
+8 54
-8 54
+8 27
cfi=(97)
cfn=(392)
calls=27 1289 
* 29527

fl=(129)
fn=(580) qsort_r
fi=(93)
96 3
fi=(130)
+11 1
fi=(93)
-10 3
cob=(5)
cfi=(95)
cfn=(586)
calls=1 +4 
* 44567
fe=(129)
+69 6
+1 1
-1 6
+1 1
-1 1
+1 2
-1 5
+9 2
+2 12
-9 1
+69 1
+2 1
-62 1
+58 2
+4 1
+45 1
+1 2
+2 2
+2 2
+1 2
+1 3
cfn=(581) qsort_r'2
calls=1 45 
* 10920

fn=(581)
45 6
cfn=(582) msort_with_tmp.part.0
calls=1 -5 
* 10882
299 2
cfi=(76)
cfn=(530)
calls=1 3087 
* 12
* 18

fn=(582)
40 3
+11 1
-11 1
+8 1
-8 1
+5 1
-5 2
+11 1
-2 1
-9 3
+5 3
cfn=(583) msort_with_tmp.part.0'2
calls=1 -5 
* 3965
* 6
cfn=(583)
calls=1 -5 
* 4452
+15 1
-1 1
-3 1
+4 4
-10 2
cfn=(583)
calls=1 +33 
* 2380
fi=(108)
+41 1
+1 1
+1 1
+1 1
+1 1
+1 1
+1 1
+83 1
+1 1
+1 1
+1 1
+1 1
+1 1
+1 1
+1 1
+1 1
+1 1
+1 1
+1 1
+2 2
+1 2
+1 2
+1 2
+1 2
+1 2
+1 2
+1 2
+1 2
+1 2
+6 1
+1 1
+1 1
+1 1
+1 1
+1 1
+1 1
+1 1
+1 1
+1 1
+1 1
+1 1
+1 1
fe=(129)

fn=(583)
40 75
+11 25
-11 25
+8 25
-8 25
+5 25
-5 50
+11 25
-2 25
-9 75
+5 43
cfn=(583)
calls=9 -5 
* 4603
* 106
cfn=(583)
calls=14 -5 
* 6728
+15 14
-1 14
-3 14
+4 56
-10 50
cfn=(583)
calls=25 +33 
* 7304
+41 51
+2 102
-12 153
+2 388
cob=(5)
cfi=(93)
cfn=(584)
calls=97 -71 
* 7954
* 194
+2 46
+2 92
-6 152
+77 26
+2 104
+1 26
-1 26
+1 130
-1 26
60 11
-1 11
-3 11
+4 44
+21 11
+78 48
cfi=(108)
cfn=(430)
calls=12 -68 
* 154
* 12
cfn=(583)
calls=12 +1 
* 144
fi=(108)
-68 25
+1 25
+1 25
+1 25
+1 25
+1 5
+1 5
+3 5
+1 5
+1 5
+1 5
+1 5
+1 5
+1 3
+1 3
+1 3
+1 3
+1 3
+6 20
+1 20
+1 13
+1 13
+1 13
+1 13
+1 13
+4 7
+1 7
+1 7
+1 7
+1 7
+1 7
+28 2
+1 2
+1 2
+1 2
+1 2
+1 2
+1 2
+1 2
+1 2
+1 2
+1 2
+1 2
+1 2
fe=(129)

fn=(578)
308 2
cfn=(580)
calls=1 166 
* 55549

fl=(123)
fn=(512)
94 55
+1 55
+1 55
+1 55
+1 55
+9 55
+1 55
+1 55
+1 55
+1 55
+1 55
+1 55
+1 55
+3 55
+1 55
+1 55
+1 55
+1 55
+1 55
+1 55

fl=(116) /build/glibc-RIFKjK/glibc-2.31/string/../sysdeps/aarch64/multiarch/../memchr.S
fn=(476) __GI_memchr
68 1
+5 1
+1 1
+1 1
+2 1
+1 1
+1 1
+1 1
+1 1
+28 7
+1 7
+1 7
+1 7
+2 7
+2 6
+1 6
+1 6
+2 6
+4 1
+1 1
+1 1
+1 1
+1 1
+2 1
+4 1
+1 1
+1 1
+1 1
+1 1
+1 1
+4 1
+2 1
+2 1
+2 1
+2 1
+2 1
+1 1

fl=(58)
fn=(212)
34 9

fl=(135) /build/glibc-RIFKjK/glibc-2.31/stdlib/getenv.c
fn=(620) getenv
34 1
+5 1
-5 1
+5 1
-5 1
+5 4
+3 3
+49 1
-24 2
-32 1
cfi=(123)
cfn=(512)
calls=1 +59 
* 20
+32 1
-32 1
+37 1
+3 55
+9 81
+7 6

fl=(75)
fn=(614) _mcleanup
440 1
+1 1
-1 2
+3 1
-2 1
cfn=(616) moncontrol
calls=1 97 
* 3457
0 4
fi=(19)
cfi=(76)
cfn=(530)
calls=1 3087 
0 2104
fe=(75)

fn=(306)
96 1
+11 1
-11 2
+11 6
cfi=(85)
cfn=(346)
calls=1 -41 
* 206
+1 1
+8 3
+7 1
+10 1
+3 1
-13 2
+10 1
+10 1
-20 1
+9 1
+2 1
-2 2
+3 1
-12 1
+12 3
+10 1
+1 1
-13 1
+14 2
-11 1
+7 1
+4 1
-1 3
+3 1
-3 1
+3 1
-3 1
+3 1
-3 2
+3 1
+42 1
-45 3
cfn=(307) monstartup'2
calls=1 +5 
* 61766

fn=(307)
151 1
+2 3
-2 1
+2 1
cob=(1)
cfi=(69)
cfn=(270)
calls=1 48 
* 61726
* 34

fn=(618) write_gmon
355 1
+4 2
-4 10
+4 1
cfi=(135)
cfn=(620)
calls=1 34 
* 181
+1 1
+10 5
cfi=(136) /build/glibc-RIFKjK/glibc-2.31/io/../sysdeps/unix/sysv/linux/open64_nocancel.c
cfn=(622) __open_nocancel
calls=1 34 
* 31
* 1
+2 1
+23 2
+2 1
-2 1
+1 1
+2 1
-1 1
+1 1
-2 1
200 1
398 1
cfi=(137)
cfn=(624)
calls=1 26 
* 6
+3 1
+2 4
cfi=(138) /build/glibc-RIFKjK/glibc-2.31/elf/dl-iteratephdr.c
cfn=(626) dl_iterate_phdr
calls=1 34 
* 3070
+44 2
+1 2
-1 1

fn=(619) write_gmon'2
249 5
+12 1
+3 1
-15 1
+12 1
+3 1
-6 4
+3 31
+3 31
-6 124
+10 1
fi=(141) /build/glibc-RIFKjK/glibc-2.31/gmon/../sysdeps/unix/sysv/linux/not-cancel.h
69 1
fe=(75)
271 1
-4 1
+2 1
+24 1
-25 1
+1 1
-1 1
+1 1045
+2 1089
+5 105
+14 15
+3 15
+2 15
-5 15
+5 15
-5 15
+1 15
+1 15
-1 15
-1 15
+2 15
+1 60
+2 15
-5 2
+3 2
+2 2
-5 2
+5 2
-5 2
+1 2
+1 2
-1 2
-1 2
+2 2
+1 8
+2 2
-16 17
-2 17
-8 45
+33 1
+1 1
fi=(141)
69 5
fe=(75)
332 1
-17 1
-4 1
+4 1
+17 1
-21 1
+4 3
+10 1
+1 1
-1 1
+1 1
-1 1
+1 1
-1 1
+1 1
+6 1
fi=(141)
60 2
cfi=(126)
cfn=(546)
calls=1 -34 
* 6
fe=(75)
416 13

fn=(628) callback
55 3
+7 1
+1 1
-1 1
+5 1

fn=(616)
97 3
+4 4
+3 1
+9 5
cfi=(85)
cfn=(346)
calls=1 -47 
* 109
443 3
+1 1
cfn=(618)
calls=1 -89 
* 3331

fl=(65)
fn=(258)
72 1
+4 1
+1 1
+1 1
+1 1
+1 1
+1 1
+1 1
+1 1
+1 1
+6 1
+1 1
+1 1
+1 1
+1 1
+1 1
+1 1
+1 1
+1 1
+1 1
+1 1
+1 1
+1 1
+1 1
+1 1
+1 1
+1 1
+1 1
+1 1
+2 1
+1 1
+1 1
+30 1
+1 1
+1 1
+2 1
+1 1
+3 1
+4 1
+1 1
+2 1
+1 1
+2 1

fl=(110)
fn=(452)
37 12
+3 6
+8 10
+2 11

fl=(113)
fn=(460) getline
27 1
+1 2
cfi=(114)
cfn=(462) getdelim
calls=1 +13 
* 119181

fn=(461)
27 1
+1 2
cfi=(114)
cfn=(463)
calls=1 +13 
* 1551

fl=(89)
fn=(354)
27 4
+1 4

fl=(83) /build/glibc-RIFKjK/glibc-2.31/misc/../sysdeps/unix/sysv/linux/generic/brk.c
fn=(340) brk
33 2
+3 6
+1 2
-1 4
+1 2
+6 2
+1 2

fl=(119)
fn=(498)
fi=(93)
44 1
+1 2
cob=(5)
cfn=(504)
calls=1 -25 
* 116928
-1 2
fe=(119)
-1 7
+3 1
+3 2
+7 3
cfi=(120)
cfn=(500)
calls=1 -25 
* 361

fn=(499)
fi=(93)
45 52
cob=(5)
cfn=(505)
calls=26 -25 
* 1900495
-1 79
+3 2
cfi=(76)
cfn=(530)
calls=1 3087 
* 1654
* 4
fe=(119)
-4 189
+3 27
+10 81
cfi=(120)
cfn=(500)
calls=27 -25 
* 9627
-9 27
+2 54

fl=(67)
fn=(262)
84 7
+1 5
+1 5
+2 1

fl=(92)
fn=(374)
28 4
+2 1
-1 1
+5 4

fl=(102)
fn=(404) _IO_file_doallocate
78 14
+6 2
-6 6
+6 4
fi=(104)
941 10
+2 2
+1 4
fe=(102)
84 8
cfi=(100)
cfn=(406)
calls=2 1147 
* 28
* 2
+2 8
+11 5
+1 1
+3 2
cfi=(76)
cfn=(329)
calls=1 3023 
* 223
* 4
-10 1
fi=(148) /build/glibc-RIFKjK/glibc-2.31/libio/../include/sys/sysmacros.h
-44 4
fe=(102)
+44 1
-2 2
+5 1
+3 1
-3 2
+3 5
cfn=(405) _IO_file_doallocate'2
calls=1 +1 
* 772
fi=(101)
347 4
+3 8
fe=(102)

fn=(405)
98 1
+3 2
cob=(1)
cfi=(69)
cfn=(270)
calls=1 -53 
* 760
* 9

fl=(82) /build/glibc-RIFKjK/glibc-2.31/misc/sbrk.c
fn=(338) sbrk
fi=(81)
49 1
+3 3
fe=(82)
-20 6
+8 2
-8 4
+8 9
+4 2
+16 5
-19 2
cfi=(83)
cfn=(340)
calls=1 -8 
* 10
* 4
cfn=(339) sbrk'2
calls=1 +3 
* 24

fn=(339)
44 2
+4 4
+12 5
-4 2
cfi=(83)
cfn=(340)
calls=1 -23 
* 10
* 1

fl=(84)
fn=(342)
37 2
+1 2
+2 2
+1 2
+1 1
+1 1
+1 1
+3 1
+1 1
+1 1
+1 1
+34 1
+1 1
+1 1
+1 1
+1 1
+1 1
+2 1
+1 1
+1 1
+1 1
+1 1
+2 1
+1 1
-4 5
+1 5
+2 5
+1 5
+1 1
+1 1
+1 2
+7 1
+1 1

fl=(115)
fn=(474)
25 6
+1 4
-1 4
+1 16
+1 10

fl=(86)
fn=(348)
24 6
fi=(87) /build/glibc-RIFKjK/glibc-2.31/signal/../sysdeps/unix/sysv/linux/internal-signals.h
+22 2
fe=(86)
-22 4
+6 2
cfi=(88)
cfn=(352)
calls=2 +13 
* 130

fl=(138)
fn=(626)
fi=(75)
200 1
-2 1
407 1
200 2
+34 1
+1 1
-24 4
+24 1
-2 1
+1 2
-23 6
+25 1
cfi=(89)
cfn=(354)
calls=1 27 
* 4
* 1
+1 4
-1 1
+1 1
cfi=(139)
cfn=(630)
calls=1 28 
* 91
fi=(141)
69 1
fi=(75)
238 1
fi=(141)
69 4
fi=(75)
238 1
fi=(141)
69 3
cfi=(75)
cfn=(619)
calls=1 249 
* 2845
fe=(138)
-35 3
+6 1
-6 2
+6 1
-6 7
+6 2
-6 3
+6 1
cob=(1)
cfi=(2)
cfn=(56)
calls=1 802 
* 4
+5 1
+4 4
-3 2
cfn=(627) dl_iterate_phdr'2
calls=1 +17 
* 60

fn=(627)
63 6
+11 4
cfn=(627)
calls=1 -9 
* 50
-9 1
+4 1
-4 2
+1 2
+1 2
+5 1
-2 1
-2 2
+2 1
+1 1
+2 1
+2 4
cfi=(75)
cfn=(628)
calls=1 -20 
* 7
* 1
+1 1
+6 4
cob=(1)
cfi=(2)
cfn=(58)
calls=1 808 
* 4
+3 14

fl=(136)
fn=(622)
34 10
+3 1
+10 8
-7 4
+5 1
-5 3
+5 4

fl=(74)
fn=(288) __internal_atexit
fi=(73)
260 5
+3 1
+1 6
cob=(5)
cfi=(72)
cfn=(296)
calls=1 0 
* 62205
+4 4
+15 1
+12 2
cfi=(91)
cfn=(370)
calls=1 30 
* 34
+1 1
+12 1
-10 1
+3 1
+4 1
+3 1
-7 1
+4 1
-3 2
+6 5
cob=(5)
cfi=(93)
cfn=(376)
calls=1 71 
* 211122
fe=(74)
36 5
+5 1
+2 10
cfi=(68)
cfn=(290)
calls=1 -43 
* 21
* 1
+1 2
cfn=(292) __new_exitfn
calls=1 +38 
* 63

fn=(289) __internal_atexit'2
36 5
+5 1
+2 10
cfi=(68)
cfn=(290)
calls=1 -43 
* 11
* 1
+1 2
cfn=(292)
calls=1 +38 
* 35
* 1
+2 1
+7 1
+5 1
+1 1
-2 1
+2 1
-6 1
+6 1
-6 2
+2 1
+4 1
cfi=(68)
cfn=(294)
calls=1 -59 
* 9
* 1
+1 1
-1 1
+2 6

fn=(286)
70 3
cfn=(288)
calls=1 -34 
* 273498

fn=(287)
70 3
cfn=(289)
calls=1 -34 
* 96

fn=(292)
82 2
+6 2
-6 6
+6 4
+5 6
-10 4
+12 2
+1 2
-1 3
+1 4
-3 1
+10 1
-10 2
+13 2
+25 1
+1 1
-1 1
+1 1
+7 1
-1 2
+1 1
+4 1
-4 1
+4 1
-4 1
+4 1
-18 1
-1 1
+1 2
cfn=(293) __new_exitfn'2
calls=1 +14 
* 9
-81 1
+2 1
+7 1
+5 1
+1 1
-2 1
+2 1
-6 1
+6 1
-6 2
+2 1
+4 1
cfi=(68)
cfn=(294)
calls=1 -59 
* 9
* 1
+1 1
-1 1
+2 6

fn=(293)
139 1
-1 2
+1 1
+4 1
-4 1
+4 1
-4 1
+4 1

fl=(101)
fn=(554)
601 4
+2 2
+6 2
+3 2
54 2
624 3

fn=(416)
fi=(100)
1265 5
cfn=(399)
calls=1 +3 
* 4
fe=(101)
374 1
-3 3
fi=(104)
941 5
fe=(101)
371 7
+8 3
+20 2
fi=(104)
943 1
+1 2
fe=(101)
399 4
cfi=(100)
cfn=(400)
calls=1 732 
* 143
* 2
+2 1
-22 1
cfn=(417) _IO_default_xsputn'2
calls=1 * 
* 275

fn=(417)
379 21
+20 13
fi=(104)
943 6
+1 12
fe=(101)
399 24
cfi=(100)
cfn=(400)
calls=6 732 
* 168
* 12
+2 6
-22 6
cfn=(417)
calls=6 * 
* 726
+24 1
+1 6

fn=(442) _IO_old_init
534 1
-2 3
+2 1
+1 1
+20 1
-20 2
+5 1
+1 1
+2 1
-6 1
+10 1
+2 1
-5 1
-9 1
+15 1
+5 1
+1 1
+2 1

fn=(446)
fi=(100)
115 1
+1 3
fe=(101)
-29 14
+1 2
-1 6
+1 2
+4 2
-2 1
+2 1
-2 1
+2 4
+1 12
cfi=(68)
cfn=(290)
calls=1 -93 
* 11
* 4
+2 1
-2 1
+1 1
-1 2
+2 9
cfi=(68)
cfn=(290)
calls=1 -95 
* 11
* 2
+2 3
-2 4
+3 1
-1 1
+3 8
cfi=(68)
cfn=(294)
calls=1 0 
* 9
* 2
+1 1
+1 1
-1 1
+1 7
cfi=(68)
cfn=(294)
calls=1 0 
* 9
* 2
+1 1
+3 10
-14 2
cfn=(447) _IO_link_in'2
calls=1 +14 
* 10

fn=(447)
106 10

fn=(412)
fi=(100)
155 1
+3 1
-2 2
+2 1
cfi=(101)
cfn=(537) _IO_un_link'2
calls=1 54 
* 3
+5 1
-4 1
+4 1
-4 1
+1 1
+1 2
-2 1
+1 1
+1 1
+3 4
fe=(101)
329 18
+1 3
-1 9
+1 4
+5 6
-2 2
+2 4
+3 8
-7 1
cob=(1)
cfi=(69)
cfn=(270)
calls=1 48 
* 676
* 9

fn=(413)
335 3
-2 1
+2 2
+3 4

fn=(538) __GI__IO_un_link.part.0
fi=(125)
51 4
cfi=(68)
cfn=(290)
calls=1 -51 
* 11
* 7
+1 2
+1 2
cfi=(100)
cfn=(540)
calls=1 +76 
* 955
-2 8
fe=(101)
+1 1
+6 1
-6 3
+6 1
-6 7
+6 5
cfn=(539) __GI__IO_un_link.part.0'2
calls=1 +1 
* 123

fn=(539)
59 12
cfi=(68)
cfn=(290)
calls=1 -59 
* 11
* 4
+2 2
-2 1
+1 1
-1 2
+2 9
cfi=(68)
cfn=(290)
calls=1 -61 
* 11
* 2
+2 3
-2 5
+2 1
+2 3
+11 5
+1 1
+1 1
-1 1
+1 3
+1 1
+3 11
-4 4
cfi=(68)
cfn=(294)
calls=1 -78 
* 9
* 2
-12 1
+8 2
+2 4
cfi=(68)
cfn=(294)
calls=1 -76 
* 9
* 2

fn=(470)
164 8
+1 8
+3 4
+5 2
-1 4
+1 4
+7 2
+1 2
-1 2
-4 2
+2 4
+4 6

fn=(440)
563 8
+1 1
cfn=(442)
calls=1 -30 
* 21
+1 1
+1 1
+2 1
+5 1
+1 1
+2 1
-6 1
+8 1
+1 1
+2 1
+7 1
-1 1
+1 3

fn=(542)
962 2
+5 2
+2 1

fn=(402)
fi=(100)
486 1
+4 4
cfi=(104)
cfn=(468) _IO_file_underflow@@GLIBC_2.17
calls=1 885 
* 85
746 5
cfn=(401)
calls=1 +9 
* 25
fe=(101)
343 8
+1 4
+2 6
+1 2
fi=(104)
941 10
+2 2
+1 4
fe=(101)
347 6
cfi=(102)
cfn=(404)
calls=2 78 
* 1124

fn=(464)
269 8
+1 6
+5 4
+3 6
+2 4
+6 4
+7 2
fi=(104)
941 10
+2 2
+1 4
fe=(101)
293 4
+1 2
-1 2
+1 2
-1 2
cfi=(100)
cfn=(466)
calls=2 462 
* 1651
-2 4
-21 2

fn=(536) _IO_un_link
54 3
cfn=(538)
calls=1 -2 
* 1130

fn=(537)
54 2
+28 1

fn=(684) _IO_flush_all_lockp
686 1
+5 1
-5 3
+5 1
-5 8
+5 5
cfn=(685) _IO_flush_all_lockp'2
calls=1 +1 
* 118
866 1
-80 7
cfn=(683) _IO_cleanup'2
calls=1 +1 
* 246

fn=(685)
692 12
cfi=(68)
cfn=(290)
calls=1 0 
* 11
* 4
+3 2
-3 3
+3 1
fi=(104)
941 6
fe=(101)
687 2
+10 2
+1 1
-1 4
+1 2
+3 9
+8 3
+2 3
-16 3
+16 3
-16 6
+20 3
+1 1
+4 13
-19 9
+14 4
cfi=(68)
cfn=(294)
calls=1 0 
* 9
* 2

fn=(690)
fi=(100)
383 1
+7 1
-3 1
+1 1
-2 1
+1 1
+4 3
fe=(101)
+61 1
fi=(104)
941 1
fe=(101)
452 3
fi=(104)
941 1
fe=(101)
452 1
fi=(104)
941 2
fe=(101)
453 1
fi=(104)
941 1
fe=(101)
452 2
fi=(104)
943 1
+1 2
fe=(101)
453 3
cfi=(100)
cfn=(692)
calls=1 793 
* 16
* 2
+2 5
+2 2
+1 1
-1 1
330 2
+7 2
-4 1
+4 1
cfn=(691) _IO_default_setbuf'2
calls=1 467 
* 8

fn=(691)
467 1
-1 1
-1 2
+3 4

fn=(682)
fi=(133)
130 2
+2 2
fe=(101)
863 1
+3 1
-3 9
+3 1
cfn=(684)
calls=1 686 
* 391

fn=(683)
787 12
cfi=(68)
cfn=(290)
calls=1 0 
* 11
* 4
+3 2
-3 3
+3 2
fi=(104)
941 7
cfi=(101)
cfn=(683)
calls=1 799 
* 205
fe=(101)
838 2
-48 2
+9 6
+2 2
+6 8
cfi=(68)
cfn=(290)
calls=1 0 
* 11
* 5
+8 5
+9 5
cfi=(100)
cfn=(688)
calls=1 382 
* 149
* 1
-7 1
+2 1
-2 1
+4 1
-1 1
+1 1
fi=(104)
943 1
+1 2
fe=(101)

fl=(124)
fn=(526)
54 552
+1 552
+1 552
+1 552
+1 243
+1 243
+5 263
+1 263
+2 263
+1 263
+1 263
+1 263
+1 263
+1 263
+5 243
+1 243
+5 243
+1 243
+1 243
+1 243
+3 243
+1 243
+1 243
+61 309
+1 309
+13 309
+1 309
+1 309
+1 309
+1 309
+2 309
+1 309
+1 309
+1 309
+1 309
+1 309
+1 309
cfn=(527) strcmp'2
calls=309 77 
* 2781

fn=(527)
77 309
+1 309
+5 309
+1 309
+1 309
+1 309
+3 309
+1 309
+1 309

fl=(79)
fn=(318)
fi=(78)
303 1
+1 4
cfn=(317)
calls=1 +4 
* 1645
fe=(79)
126 3
+5 1
-5 1
+5 1
-5 3
+5 1
-5 1
+5 1
-5 1
+2 1
+3 1
cob=(1)
cfi=(2)
cfn=(56)
calls=1 802 
* 4
+2 2
cfn=(319) _dl_addr'2
calls=1 -82 
* 57380
cob=(1)
cfi=(69)
cfn=(271)
calls=1 -85 
* 760
* 29

fn=(319)
49 3033
+2 1011
+1 1011
+2 2745
cfn=(319)
calls=915 +6 
* 26739159
+10 9088
+1 13352
+5 4568
-10 2284
+1 11420
+2 6840
cfn=(319)
calls=2272 +1 
* 64995917
+37 1
+1 1
+1 1
+3 1
+36 4
cob=(1)
cfi=(2)
cfn=(58)
calls=1 808 
* 4
+3 6
-79 2007
+73 1
-20 2
cfn=(319)
calls=1 +23 
* 14

fl=(104)
fn=(488)
884 4
+1 14
fi=(114)
124 10
fe=(104)
885 6
cfi=(68)
cfn=(294)
calls=2 0 
* 18
* 4

fn=(550)
884 1
+1 5
fi=(125)
57 1
fe=(104)
941 5
+2 1
+1 2
fi=(125)
57 4
cfi=(100)
cfn=(552)
calls=1 169 
* 27
+1 3
fe=(104)
857 10
+6 2
cfi=(76)
cfn=(531)
calls=1 3087 
* 97
* 4
fi=(125)
71 2
fe=(104)
885 3
cfi=(68)
cfn=(294)
calls=1 0 
* 9
* 2

fn=(468)
885 6
fi=(100)
506 2
cfi=(101)
cfn=(470)
calls=1 164 
* 24
+11 1
-5 1
+1 1
fe=(104)
943 1
fi=(100)
514 1
fe=(104)
944 1
fi=(100)
515 1
fe=(104)
944 1
fi=(100)
517 5
cfn=(472)
calls=1 1134 
* 24
+2 2
+7 1
+9 1
-9 2
+9 2
+2 5
+1 3
fe=(104)

fl=(111)
fn=(454)
77 10
+5 1
-5 3
+5 1
+2 2
cfi=(112)
cfn=(456)
calls=1 -18 
* 35
* 1
+1 1
+44 1
+32 13

fl=(133)
fn=(610) __run_exit_handlers
40 1
+5 1
-5 10
+5 1
+1 1
cfi=(134) /build/glibc-RIFKjK/glibc-2.31/stdlib/cxa_thread_atexit_impl.c
cfn=(612) __call_tls_dtors
calls=1 +99 
* 13
* 1
cfn=(611) __run_exit_handlers'2
calls=1 +50 
* 5630

fn=(611)
96 3
-40 6
cfi=(68)
cfn=(290)
calls=1 -56 
* 11
* 1
+3 1
+2 1
+12 1
+3 2
cfn=(611)
calls=1 -6 
* 5604
-6 2
+2 2
+1 1
+3 3
cfi=(68)
cfn=(294)
calls=1 -76 
* 9
* 2
+1 6
+29 1
-3 1
+5 2
-2 3
+2 1
cfi=(75)
cfn=(614)
calls=1 440 
* 5571

fn=(608)
138 1
+1 2
-1 1
+1 3
cfn=(610)
calls=1 -99 
* 5658

fl=(109)
fn=(438) __fopen_internal
fi=(93)
34 1
+5 3
-1 1
+1 1
cfi=(113)
cfn=(460)
calls=1 -12 
* 119184
* 4
fe=(109)
+18 8
+8 2
cfi=(76)
cfn=(328)
calls=1 3023 
* 639
* 4

fn=(436)
86 2
cfn=(438)
calls=1 -29 
* 119847

fl=(125)
fn=(534)
fi=(93)
50 11
fe=(125)
-16 2
+14 1
-14 4
+14 1
+1 1
cfi=(101)
cfn=(536)
calls=1 +5 
* 1133

fl=(71)
fn=(276)
31 2
+1 3
+16 1

fl=(144)
fn=(650)
79 2
+1 2
-1 4
+1 2
-1 4
+1 8
cfi=(68)
cfn=(290)
calls=2 -80 
* 22
* 2
+2 4
-14 2
+38 8
cfi=(68)
cfn=(294)
calls=2 0 
* 18
* 4
+1 8

fl=(81)
fn=(336)
fi=(76)
2470 1
+1 1
+3 2
+3 3
+1 1
+46 7
+1 3
cfn=(335)
calls=1 +1 
* 99
fe=(81)
46 2
+1 1
cfi=(82)
cfn=(338)
calls=1 -15 
* 53

fn=(337)
46 2
+1 1
cfi=(82)
cfn=(338)
calls=1 -15 
* 19
+2 1
+3 3

fl=(134)
fn=(612)
145 3
+1 2
-1 1
+1 3
+18 4

fl=(114)
fn=(462)
fi=(93)
40 2
cfi=(118)
cfn=(496)
calls=1 -6 
* 117310
cfi=(117)
cfn=(492)
calls=1 -8 
* 12
* 12
fe=(114)
+1 1
+5 2
-5 3
+5 1
+6 9
+7 2
+2 2
+1 1
cfi=(76)
cfn=(328)
calls=1 3023 
* 1791
* 4
-10 10
cfi=(68)
cfn=(290)
calls=1 -52 
* 11
* 7
+1 1

fn=(463)
fi=(93)
40 2
cfi=(76)
cfn=(531)
calls=1 3087 
* 1250
cfi=(117)
cfn=(492)
calls=1 -8 
* 12
* 11
fe=(114)
+1 1
+5 2
-5 3
+5 1
+6 9
+7 2
+2 2
+1 1
cfi=(76)
cfn=(328)
calls=1 3023 
* 222
* 4
-21 1
+47 2
cfn=(463)
calls=1 -3 
* 1125
+8 1
-1 2
+1 3
+4 3
+2 2
cob=(1)
cfi=(69)
cfn=(270)
calls=1 -54 
* 1007
* 9
-17 4
cfi=(116)
cfn=(476)
calls=1 -17 
* 87
+2 1
-2 1
+2 1
+1 1
-1 1
+1 2
-36 10
cfi=(68)
cfn=(290)
calls=1 -52 
* 11
* 7
+1 1

totals: 371970
